[0.113s] Invoking command in '/home/aimo/amr_ws/build/cmdvel_to_ackermann': CMAKE_PREFIX_PATH=${CMAKE_PREFIX_PATH}:/home/aimo/amr_ws/install/ackermann_control:/opt/ros/humble /usr/bin/cmake --build /home/aimo/amr_ws/build/cmdvel_to_ackermann -- -j20 -l20
[0.134s] Invoked command in '/home/aimo/amr_ws/build/cmdvel_to_ackermann' returned '0': CMAKE_PREFIX_PATH=${CMAKE_PREFIX_PATH}:/home/aimo/amr_ws/install/ackermann_control:/opt/ros/humble /usr/bin/cmake --build /home/aimo/amr_ws/build/cmdvel_to_ackermann -- -j20 -l20
[0.139s] Invoking command in '/home/aimo/amr_ws/build/cmdvel_to_ackermann': CMAKE_PREFIX_PATH=${CMAKE_PREFIX_PATH}:/home/aimo/amr_ws/install/ackermann_control:/opt/ros/humble /usr/bin/cmake --install /home/aimo/amr_ws/build/cmdvel_to_ackermann
[0.142s] -- Install configuration: ""
[0.142s] -- Up-to-date: /home/aimo/amr_ws/install/cmdvel_to_ackermann/share/cmdvel_to_ackermann/scripts
[0.142s] -- Up-to-date: /home/aimo/amr_ws/install/cmdvel_to_ackermann/share/cmdvel_to_ackermann/scripts/cmdvel_to_ackermann.py
[0.142s] -- Up-to-date: /home/aimo/amr_ws/install/cmdvel_to_ackermann/share/cmdvel_to_ackermann/scripts/__init__.py
[0.143s] -- Up-to-date: /home/aimo/amr_ws/install/cmdvel_to_ackermann/share/cmdvel_to_ackermann/launch
[0.143s] -- Up-to-date: /home/aimo/amr_ws/install/cmdvel_to_ackermann/share/cmdvel_to_ackermann/launch/cmdvel_to_ackermann.launch.py
[0.143s] -- Up-to-date: /home/aimo/amr_ws/install/cmdvel_to_ackermann/lib/cmdvel_to_ackermann/cmdvel_to_ackermann.py
[0.143s] -- Up-to-date: /home/aimo/amr_ws/install/cmdvel_to_ackermann/share/ament_index/resource_index/package_run_dependencies/cmdvel_to_ackermann
[0.143s] -- Up-to-date: /home/aimo/amr_ws/install/cmdvel_to_ackermann/share/ament_index/resource_index/parent_prefix_path/cmdvel_to_ackermann
[0.143s] -- Up-to-date: /home/aimo/amr_ws/install/cmdvel_to_ackermann/share/cmdvel_to_ackermann/environment/ament_prefix_path.sh
[0.143s] -- Up-to-date: /home/aimo/amr_ws/install/cmdvel_to_ackermann/share/cmdvel_to_ackermann/environment/ament_prefix_path.dsv
[0.144s] -- Up-to-date: /home/aimo/amr_ws/install/cmdvel_to_ackermann/share/cmdvel_to_ackermann/environment/path.sh
[0.144s] -- Up-to-date: /home/aimo/amr_ws/install/cmdvel_to_ackermann/share/cmdvel_to_ackermann/environment/path.dsv
[0.144s] -- Up-to-date: /home/aimo/amr_ws/install/cmdvel_to_ackermann/share/cmdvel_to_ackermann/local_setup.bash
[0.144s] -- Up-to-date: /home/aimo/amr_ws/install/cmdvel_to_ackermann/share/cmdvel_to_ackermann/local_setup.sh
[0.144s] -- Up-to-date: /home/aimo/amr_ws/install/cmdvel_to_ackermann/share/cmdvel_to_ackermann/local_setup.zsh
[0.144s] -- Up-to-date: /home/aimo/amr_ws/install/cmdvel_to_ackermann/share/cmdvel_to_ackermann/local_setup.dsv
[0.145s] -- Installing: /home/aimo/amr_ws/install/cmdvel_to_ackermann/share/cmdvel_to_ackermann/package.dsv
[0.148s] -- Up-to-date: /home/aimo/amr_ws/install/cmdvel_to_ackermann/share/ament_index/resource_index/packages/cmdvel_to_ackermann
[0.148s] -- Up-to-date: /home/aimo/amr_ws/install/cmdvel_to_ackermann/share/cmdvel_to_ackermann/cmake/cmdvel_to_ackermannConfig.cmake
[0.148s] -- Up-to-date: /home/aimo/amr_ws/install/cmdvel_to_ackermann/share/cmdvel_to_ackermann/cmake/cmdvel_to_ackermannConfig-version.cmake
[0.148s] -- Up-to-date: /home/aimo/amr_ws/install/cmdvel_to_ackermann/share/cmdvel_to_ackermann/package.xml
[0.159s] Invoked command in '/home/aimo/amr_ws/build/cmdvel_to_ackermann' returned '0': CMAKE_PREFIX_PATH=${CMAKE_PREFIX_PATH}:/home/aimo/amr_ws/install/ackermann_control:/opt/ros/humble /usr/bin/cmake --install /home/aimo/amr_ws/build/cmdvel_to_ackermann
