[0.052s] DEBUG:colcon:Command line arguments: ['/usr/bin/colcon', 'build']
[0.052s] DEBUG:colcon:Parsed command line arguments: Namespace(log_base=None, log_level=None, verb_name='build', build_base='build', install_base='install', merge_install=False, symlink_install=False, test_result_base=None, continue_on_error=False, executor='parallel', parallel_workers=20, event_handlers=None, ignore_user_meta=False, metas=['./colcon.meta'], base_paths=['.'], packages_ignore=None, packages_ignore_regex=None, paths=None, packages_up_to=None, packages_up_to_regex=None, packages_above=None, packages_above_and_dependencies=None, packages_above_depth=None, packages_select_by_dep=None, packages_skip_by_dep=None, packages_skip_up_to=None, packages_select_build_failed=False, packages_skip_build_finished=False, packages_select_test_failures=False, packages_skip_test_passed=False, packages_select=None, packages_skip=None, packages_select_regex=None, packages_skip_regex=None, packages_start=None, packages_end=None, allow_overriding=[], cmake_args=None, cmake_target=None, cmake_target_skip_unavailable=False, cmake_clean_cache=False, cmake_clean_first=False, cmake_force_configure=False, ament_cmake_args=None, catkin_cmake_args=None, catkin_skip_building_tests=False, mixin_files=None, mixin=None, verb_parser=<colcon_mixin.mixin.mixin_argument.MixinArgumentDecorator object at 0x7c9a6dd5ebf0>, verb_extension=<colcon_core.verb.build.BuildVerb object at 0x7c9a6de4fb50>, main=<bound method BuildVerb.main of <colcon_core.verb.build.BuildVerb object at 0x7c9a6de4fb50>>, mixin_verb=('build',))
[0.120s] Level 1:colcon.colcon_core.package_discovery:discover_packages(colcon_meta) check parameters
[0.120s] Level 1:colcon.colcon_core.package_discovery:discover_packages(recursive) check parameters
[0.120s] Level 1:colcon.colcon_core.package_discovery:discover_packages(ignore) check parameters
[0.120s] Level 1:colcon.colcon_core.package_discovery:discover_packages(path) check parameters
[0.120s] Level 1:colcon.colcon_core.package_discovery:discover_packages(colcon_meta) discover
[0.120s] Level 1:colcon.colcon_core.package_discovery:discover_packages(recursive) discover
[0.120s] INFO:colcon.colcon_core.package_discovery:Crawling recursively for packages in '/home/aimo/amr_ws'
[0.120s] Level 1:colcon.colcon_core.package_identification:_identify(.) by extensions ['ignore', 'ignore_ament_install']
[0.120s] Level 1:colcon.colcon_core.package_identification:_identify(.) by extension 'ignore'
[0.120s] Level 1:colcon.colcon_core.package_identification:_identify(.) by extension 'ignore_ament_install'
[0.120s] Level 1:colcon.colcon_core.package_identification:_identify(.) by extensions ['colcon_pkg']
[0.120s] Level 1:colcon.colcon_core.package_identification:_identify(.) by extension 'colcon_pkg'
[0.120s] Level 1:colcon.colcon_core.package_identification:_identify(.) by extensions ['colcon_meta']
[0.120s] Level 1:colcon.colcon_core.package_identification:_identify(.) by extension 'colcon_meta'
[0.120s] Level 1:colcon.colcon_core.package_identification:_identify(.) by extensions ['ros']
[0.120s] Level 1:colcon.colcon_core.package_identification:_identify(.) by extension 'ros'
[0.126s] Level 1:colcon.colcon_core.package_identification:_identify(.) by extensions ['cmake', 'python']
[0.126s] Level 1:colcon.colcon_core.package_identification:_identify(.) by extension 'cmake'
[0.126s] Level 1:colcon.colcon_core.package_identification:_identify(.) by extension 'python'
[0.126s] Level 1:colcon.colcon_core.package_identification:_identify(.) by extensions ['python_setup_py']
[0.126s] Level 1:colcon.colcon_core.package_identification:_identify(.) by extension 'python_setup_py'
[0.126s] Level 1:colcon.colcon_core.package_identification:_identify(build) by extensions ['ignore', 'ignore_ament_install']
[0.126s] Level 1:colcon.colcon_core.package_identification:_identify(build) by extension 'ignore'
[0.126s] Level 1:colcon.colcon_core.package_identification:_identify(build) ignored
[0.126s] Level 1:colcon.colcon_core.package_identification:_identify(install) by extensions ['ignore', 'ignore_ament_install']
[0.126s] Level 1:colcon.colcon_core.package_identification:_identify(install) by extension 'ignore'
[0.126s] Level 1:colcon.colcon_core.package_identification:_identify(install) ignored
[0.127s] Level 1:colcon.colcon_core.package_identification:_identify(log) by extensions ['ignore', 'ignore_ament_install']
[0.127s] Level 1:colcon.colcon_core.package_identification:_identify(log) by extension 'ignore'
[0.127s] Level 1:colcon.colcon_core.package_identification:_identify(log) ignored
[0.127s] Level 1:colcon.colcon_core.package_identification:_identify(src) by extensions ['ignore', 'ignore_ament_install']
[0.127s] Level 1:colcon.colcon_core.package_identification:_identify(src) by extension 'ignore'
[0.127s] Level 1:colcon.colcon_core.package_identification:_identify(src) by extension 'ignore_ament_install'
[0.127s] Level 1:colcon.colcon_core.package_identification:_identify(src) by extensions ['colcon_pkg']
[0.127s] Level 1:colcon.colcon_core.package_identification:_identify(src) by extension 'colcon_pkg'
[0.127s] Level 1:colcon.colcon_core.package_identification:_identify(src) by extensions ['colcon_meta']
[0.127s] Level 1:colcon.colcon_core.package_identification:_identify(src) by extension 'colcon_meta'
[0.127s] Level 1:colcon.colcon_core.package_identification:_identify(src) by extensions ['ros']
[0.127s] Level 1:colcon.colcon_core.package_identification:_identify(src) by extension 'ros'
[0.127s] Level 1:colcon.colcon_core.package_identification:_identify(src) by extensions ['cmake', 'python']
[0.127s] Level 1:colcon.colcon_core.package_identification:_identify(src) by extension 'cmake'
[0.127s] Level 1:colcon.colcon_core.package_identification:_identify(src) by extension 'python'
[0.127s] Level 1:colcon.colcon_core.package_identification:_identify(src) by extensions ['python_setup_py']
[0.127s] Level 1:colcon.colcon_core.package_identification:_identify(src) by extension 'python_setup_py'
[0.127s] Level 1:colcon.colcon_core.package_identification:_identify(src/ackermannControllerPackage-ROS2) by extensions ['ignore', 'ignore_ament_install']
[0.127s] Level 1:colcon.colcon_core.package_identification:_identify(src/ackermannControllerPackage-ROS2) by extension 'ignore'
[0.127s] Level 1:colcon.colcon_core.package_identification:_identify(src/ackermannControllerPackage-ROS2) by extension 'ignore_ament_install'
[0.127s] Level 1:colcon.colcon_core.package_identification:_identify(src/ackermannControllerPackage-ROS2) by extensions ['colcon_pkg']
[0.127s] Level 1:colcon.colcon_core.package_identification:_identify(src/ackermannControllerPackage-ROS2) by extension 'colcon_pkg'
[0.127s] Level 1:colcon.colcon_core.package_identification:_identify(src/ackermannControllerPackage-ROS2) by extensions ['colcon_meta']
[0.127s] Level 1:colcon.colcon_core.package_identification:_identify(src/ackermannControllerPackage-ROS2) by extension 'colcon_meta'
[0.127s] Level 1:colcon.colcon_core.package_identification:_identify(src/ackermannControllerPackage-ROS2) by extensions ['ros']
[0.127s] Level 1:colcon.colcon_core.package_identification:_identify(src/ackermannControllerPackage-ROS2) by extension 'ros'
[0.127s] Level 1:colcon.colcon_core.package_identification:_identify(src/ackermannControllerPackage-ROS2) by extensions ['cmake', 'python']
[0.127s] Level 1:colcon.colcon_core.package_identification:_identify(src/ackermannControllerPackage-ROS2) by extension 'cmake'
[0.127s] Level 1:colcon.colcon_core.package_identification:_identify(src/ackermannControllerPackage-ROS2) by extension 'python'
[0.127s] Level 1:colcon.colcon_core.package_identification:_identify(src/ackermannControllerPackage-ROS2) by extensions ['python_setup_py']
[0.127s] Level 1:colcon.colcon_core.package_identification:_identify(src/ackermannControllerPackage-ROS2) by extension 'python_setup_py'
[0.127s] Level 1:colcon.colcon_core.package_identification:_identify(src/ackermannControllerPackage-ROS2/ackermann_control) by extensions ['ignore', 'ignore_ament_install']
[0.127s] Level 1:colcon.colcon_core.package_identification:_identify(src/ackermannControllerPackage-ROS2/ackermann_control) by extension 'ignore'
[0.127s] Level 1:colcon.colcon_core.package_identification:_identify(src/ackermannControllerPackage-ROS2/ackermann_control) by extension 'ignore_ament_install'
[0.127s] Level 1:colcon.colcon_core.package_identification:_identify(src/ackermannControllerPackage-ROS2/ackermann_control) by extensions ['colcon_pkg']
[0.127s] Level 1:colcon.colcon_core.package_identification:_identify(src/ackermannControllerPackage-ROS2/ackermann_control) by extension 'colcon_pkg'
[0.127s] Level 1:colcon.colcon_core.package_identification:_identify(src/ackermannControllerPackage-ROS2/ackermann_control) by extensions ['colcon_meta']
[0.127s] Level 1:colcon.colcon_core.package_identification:_identify(src/ackermannControllerPackage-ROS2/ackermann_control) by extension 'colcon_meta'
[0.127s] Level 1:colcon.colcon_core.package_identification:_identify(src/ackermannControllerPackage-ROS2/ackermann_control) by extensions ['ros']
[0.127s] Level 1:colcon.colcon_core.package_identification:_identify(src/ackermannControllerPackage-ROS2/ackermann_control) by extension 'ros'
[0.128s] DEBUG:colcon.colcon_core.package_identification:Package 'src/ackermannControllerPackage-ROS2/ackermann_control' with type 'ros.ament_python' and name 'ackermann_control'
[0.129s] Level 1:colcon.colcon_core.package_identification:_identify(src/ackermann_control) by extensions ['ignore', 'ignore_ament_install']
[0.129s] Level 1:colcon.colcon_core.package_identification:_identify(src/ackermann_control) by extension 'ignore'
[0.129s] Level 1:colcon.colcon_core.package_identification:_identify(src/ackermann_control) by extension 'ignore_ament_install'
[0.129s] Level 1:colcon.colcon_core.package_identification:_identify(src/ackermann_control) by extensions ['colcon_pkg']
[0.129s] Level 1:colcon.colcon_core.package_identification:_identify(src/ackermann_control) by extension 'colcon_pkg'
[0.129s] Level 1:colcon.colcon_core.package_identification:_identify(src/ackermann_control) by extensions ['colcon_meta']
[0.129s] Level 1:colcon.colcon_core.package_identification:_identify(src/ackermann_control) by extension 'colcon_meta'
[0.129s] Level 1:colcon.colcon_core.package_identification:_identify(src/ackermann_control) by extensions ['ros']
[0.129s] Level 1:colcon.colcon_core.package_identification:_identify(src/ackermann_control) by extension 'ros'
[0.129s] Level 1:colcon.colcon_core.package_identification:_identify(src/ackermann_control) by extensions ['cmake', 'python']
[0.129s] Level 1:colcon.colcon_core.package_identification:_identify(src/ackermann_control) by extension 'cmake'
[0.129s] Level 1:colcon.colcon_core.package_identification:_identify(src/ackermann_control) by extension 'python'
[0.129s] Level 1:colcon.colcon_core.package_identification:_identify(src/ackermann_control) by extensions ['python_setup_py']
[0.129s] Level 1:colcon.colcon_core.package_identification:_identify(src/ackermann_control) by extension 'python_setup_py'
[0.129s] Level 1:colcon.colcon_core.package_identification:_identify(src/ackermann_control/cmdvel_to_ackermann) by extensions ['ignore', 'ignore_ament_install']
[0.129s] Level 1:colcon.colcon_core.package_identification:_identify(src/ackermann_control/cmdvel_to_ackermann) by extension 'ignore'
[0.129s] Level 1:colcon.colcon_core.package_identification:_identify(src/ackermann_control/cmdvel_to_ackermann) by extension 'ignore_ament_install'
[0.129s] Level 1:colcon.colcon_core.package_identification:_identify(src/ackermann_control/cmdvel_to_ackermann) by extensions ['colcon_pkg']
[0.129s] Level 1:colcon.colcon_core.package_identification:_identify(src/ackermann_control/cmdvel_to_ackermann) by extension 'colcon_pkg'
[0.129s] Level 1:colcon.colcon_core.package_identification:_identify(src/ackermann_control/cmdvel_to_ackermann) by extensions ['colcon_meta']
[0.129s] Level 1:colcon.colcon_core.package_identification:_identify(src/ackermann_control/cmdvel_to_ackermann) by extension 'colcon_meta'
[0.129s] Level 1:colcon.colcon_core.package_identification:_identify(src/ackermann_control/cmdvel_to_ackermann) by extensions ['ros']
[0.129s] Level 1:colcon.colcon_core.package_identification:_identify(src/ackermann_control/cmdvel_to_ackermann) by extension 'ros'
[0.129s] DEBUG:colcon.colcon_core.package_identification:Package 'src/ackermann_control/cmdvel_to_ackermann' with type 'ros.ament_cmake' and name 'cmdvel_to_ackermann'
[0.129s] Level 1:colcon.colcon_core.package_identification:_identify(src/my_slam) by extensions ['ignore', 'ignore_ament_install']
[0.129s] Level 1:colcon.colcon_core.package_identification:_identify(src/my_slam) by extension 'ignore'
[0.129s] Level 1:colcon.colcon_core.package_identification:_identify(src/my_slam) by extension 'ignore_ament_install'
[0.129s] Level 1:colcon.colcon_core.package_identification:_identify(src/my_slam) by extensions ['colcon_pkg']
[0.129s] Level 1:colcon.colcon_core.package_identification:_identify(src/my_slam) by extension 'colcon_pkg'
[0.129s] Level 1:colcon.colcon_core.package_identification:_identify(src/my_slam) by extensions ['colcon_meta']
[0.129s] Level 1:colcon.colcon_core.package_identification:_identify(src/my_slam) by extension 'colcon_meta'
[0.129s] Level 1:colcon.colcon_core.package_identification:_identify(src/my_slam) by extensions ['ros']
[0.129s] Level 1:colcon.colcon_core.package_identification:_identify(src/my_slam) by extension 'ros'
[0.130s] DEBUG:colcon.colcon_core.package_identification:Package 'src/my_slam' with type 'ros.ament_cmake' and name 'my_slam'
[0.130s] Level 1:colcon.colcon_core.package_discovery:discover_packages(recursive) using defaults
[0.130s] Level 1:colcon.colcon_core.package_discovery:discover_packages(ignore) discover
[0.130s] Level 1:colcon.colcon_core.package_discovery:discover_packages(ignore) using defaults
[0.130s] Level 1:colcon.colcon_core.package_discovery:discover_packages(path) discover
[0.130s] Level 1:colcon.colcon_core.package_discovery:discover_packages(path) using defaults
[0.145s] Level 1:colcon.colcon_core.package_discovery:discover_packages(prefix_path) check parameters
[0.145s] Level 1:colcon.colcon_core.package_discovery:discover_packages(prefix_path) discover
[0.145s] DEBUG:colcon.colcon_installed_package_information.package_discovery:Found 5 installed packages in /home/aimo/amr_ws/install
[0.146s] DEBUG:colcon.colcon_installed_package_information.package_discovery:Found 5 installed packages in /home/aimo/livox_ws/install
[0.146s] DEBUG:colcon.colcon_installed_package_information.package_discovery:Found 358 installed packages in /opt/ros/humble
[0.147s] Level 1:colcon.colcon_core.package_discovery:discover_packages(prefix_path) using defaults
[0.164s] Level 5:colcon.colcon_core.verb:set package 'ackermann_control' build argument 'cmake_args' from command line to 'None'
[0.164s] Level 5:colcon.colcon_core.verb:set package 'ackermann_control' build argument 'cmake_target' from command line to 'None'
[0.164s] Level 5:colcon.colcon_core.verb:set package 'ackermann_control' build argument 'cmake_target_skip_unavailable' from command line to 'False'
[0.164s] Level 5:colcon.colcon_core.verb:set package 'ackermann_control' build argument 'cmake_clean_cache' from command line to 'False'
[0.164s] Level 5:colcon.colcon_core.verb:set package 'ackermann_control' build argument 'cmake_clean_first' from command line to 'False'
[0.164s] Level 5:colcon.colcon_core.verb:set package 'ackermann_control' build argument 'cmake_force_configure' from command line to 'False'
[0.164s] Level 5:colcon.colcon_core.verb:set package 'ackermann_control' build argument 'ament_cmake_args' from command line to 'None'
[0.164s] Level 5:colcon.colcon_core.verb:set package 'ackermann_control' build argument 'catkin_cmake_args' from command line to 'None'
[0.164s] Level 5:colcon.colcon_core.verb:set package 'ackermann_control' build argument 'catkin_skip_building_tests' from command line to 'False'
[0.164s] DEBUG:colcon.colcon_core.verb:Building package 'ackermann_control' with the following arguments: {'ament_cmake_args': None, 'build_base': '/home/aimo/amr_ws/build/ackermann_control', 'catkin_cmake_args': None, 'catkin_skip_building_tests': False, 'cmake_args': None, 'cmake_clean_cache': False, 'cmake_clean_first': False, 'cmake_force_configure': False, 'cmake_target': None, 'cmake_target_skip_unavailable': False, 'install_base': '/home/aimo/amr_ws/install/ackermann_control', 'merge_install': False, 'path': '/home/aimo/amr_ws/src/ackermannControllerPackage-ROS2/ackermann_control', 'symlink_install': False, 'test_result_base': None}
[0.165s] Level 5:colcon.colcon_core.verb:set package 'cmdvel_to_ackermann' build argument 'cmake_args' from command line to 'None'
[0.165s] Level 5:colcon.colcon_core.verb:set package 'cmdvel_to_ackermann' build argument 'cmake_target' from command line to 'None'
[0.165s] Level 5:colcon.colcon_core.verb:set package 'cmdvel_to_ackermann' build argument 'cmake_target_skip_unavailable' from command line to 'False'
[0.165s] Level 5:colcon.colcon_core.verb:set package 'cmdvel_to_ackermann' build argument 'cmake_clean_cache' from command line to 'False'
[0.165s] Level 5:colcon.colcon_core.verb:set package 'cmdvel_to_ackermann' build argument 'cmake_clean_first' from command line to 'False'
[0.165s] Level 5:colcon.colcon_core.verb:set package 'cmdvel_to_ackermann' build argument 'cmake_force_configure' from command line to 'False'
[0.165s] Level 5:colcon.colcon_core.verb:set package 'cmdvel_to_ackermann' build argument 'ament_cmake_args' from command line to 'None'
[0.165s] Level 5:colcon.colcon_core.verb:set package 'cmdvel_to_ackermann' build argument 'catkin_cmake_args' from command line to 'None'
[0.165s] Level 5:colcon.colcon_core.verb:set package 'cmdvel_to_ackermann' build argument 'catkin_skip_building_tests' from command line to 'False'
[0.165s] DEBUG:colcon.colcon_core.verb:Building package 'cmdvel_to_ackermann' with the following arguments: {'ament_cmake_args': None, 'build_base': '/home/aimo/amr_ws/build/cmdvel_to_ackermann', 'catkin_cmake_args': None, 'catkin_skip_building_tests': False, 'cmake_args': None, 'cmake_clean_cache': False, 'cmake_clean_first': False, 'cmake_force_configure': False, 'cmake_target': None, 'cmake_target_skip_unavailable': False, 'install_base': '/home/aimo/amr_ws/install/cmdvel_to_ackermann', 'merge_install': False, 'path': '/home/aimo/amr_ws/src/ackermann_control/cmdvel_to_ackermann', 'symlink_install': False, 'test_result_base': None}
[0.165s] Level 5:colcon.colcon_core.verb:set package 'my_slam' build argument 'cmake_args' from command line to 'None'
[0.165s] Level 5:colcon.colcon_core.verb:set package 'my_slam' build argument 'cmake_target' from command line to 'None'
[0.165s] Level 5:colcon.colcon_core.verb:set package 'my_slam' build argument 'cmake_target_skip_unavailable' from command line to 'False'
[0.165s] Level 5:colcon.colcon_core.verb:set package 'my_slam' build argument 'cmake_clean_cache' from command line to 'False'
[0.165s] Level 5:colcon.colcon_core.verb:set package 'my_slam' build argument 'cmake_clean_first' from command line to 'False'
[0.165s] Level 5:colcon.colcon_core.verb:set package 'my_slam' build argument 'cmake_force_configure' from command line to 'False'
[0.165s] Level 5:colcon.colcon_core.verb:set package 'my_slam' build argument 'ament_cmake_args' from command line to 'None'
[0.165s] Level 5:colcon.colcon_core.verb:set package 'my_slam' build argument 'catkin_cmake_args' from command line to 'None'
[0.165s] Level 5:colcon.colcon_core.verb:set package 'my_slam' build argument 'catkin_skip_building_tests' from command line to 'False'
[0.165s] DEBUG:colcon.colcon_core.verb:Building package 'my_slam' with the following arguments: {'ament_cmake_args': None, 'build_base': '/home/aimo/amr_ws/build/my_slam', 'catkin_cmake_args': None, 'catkin_skip_building_tests': False, 'cmake_args': None, 'cmake_clean_cache': False, 'cmake_clean_first': False, 'cmake_force_configure': False, 'cmake_target': None, 'cmake_target_skip_unavailable': False, 'install_base': '/home/aimo/amr_ws/install/my_slam', 'merge_install': False, 'path': '/home/aimo/amr_ws/src/my_slam', 'symlink_install': False, 'test_result_base': None}
[0.165s] INFO:colcon.colcon_core.executor:Executing jobs using 'parallel' executor
[0.165s] DEBUG:colcon.colcon_parallel_executor.executor.parallel:run_until_complete
[0.166s] INFO:colcon.colcon_ros.task.ament_python.build:Building ROS package in '/home/aimo/amr_ws/src/ackermannControllerPackage-ROS2/ackermann_control' with build type 'ament_python'
[0.166s] Level 1:colcon.colcon_core.shell:create_environment_hook('ackermann_control', 'ament_prefix_path')
[0.167s] INFO:colcon.colcon_core.plugin_system:Skipping extension 'colcon_core.shell.bat': Not used on non-Windows systems
[0.167s] INFO:colcon.colcon_core.shell:Creating environment hook '/home/aimo/amr_ws/install/ackermann_control/share/ackermann_control/hook/ament_prefix_path.ps1'
[0.167s] INFO:colcon.colcon_core.shell:Creating environment descriptor '/home/aimo/amr_ws/install/ackermann_control/share/ackermann_control/hook/ament_prefix_path.dsv'
[0.167s] INFO:colcon.colcon_core.shell:Creating environment hook '/home/aimo/amr_ws/install/ackermann_control/share/ackermann_control/hook/ament_prefix_path.sh'
[0.167s] INFO:colcon.colcon_core.shell:Skip shell extension 'powershell' for command environment: Not usable outside of PowerShell
[0.167s] DEBUG:colcon.colcon_core.shell:Skip shell extension 'dsv' for command environment
[0.169s] INFO:colcon.colcon_ros.task.ament_cmake.build:Building ROS package in '/home/aimo/amr_ws/src/ackermann_control/cmdvel_to_ackermann' with build type 'ament_cmake'
[0.169s] INFO:colcon.colcon_cmake.task.cmake.build:Building CMake package in '/home/aimo/amr_ws/src/ackermann_control/cmdvel_to_ackermann'
[0.169s] INFO:colcon.colcon_core.shell:Skip shell extension 'powershell' for command environment: Not usable outside of PowerShell
[0.169s] DEBUG:colcon.colcon_core.shell:Skip shell extension 'dsv' for command environment
[0.171s] INFO:colcon.colcon_ros.task.ament_cmake.build:Building ROS package in '/home/aimo/amr_ws/src/my_slam' with build type 'ament_cmake'
[0.171s] INFO:colcon.colcon_cmake.task.cmake.build:Building CMake package in '/home/aimo/amr_ws/src/my_slam'
[0.171s] INFO:colcon.colcon_core.shell:Skip shell extension 'powershell' for command environment: Not usable outside of PowerShell
[0.171s] DEBUG:colcon.colcon_core.shell:Skip shell extension 'dsv' for command environment
[0.280s] INFO:colcon.colcon_core.task.python.build:Building Python package in '/home/aimo/amr_ws/src/ackermannControllerPackage-ROS2/ackermann_control'
[0.280s] INFO:colcon.colcon_core.shell:Skip shell extension 'powershell' for command environment: Not usable outside of PowerShell
[0.280s] DEBUG:colcon.colcon_core.shell:Skip shell extension 'dsv' for command environment
[0.288s] DEBUG:colcon.colcon_core.event_handler.log_command:Invoking command in '/home/aimo/amr_ws/build/cmdvel_to_ackermann': CMAKE_PREFIX_PATH=${CMAKE_PREFIX_PATH}:/home/aimo/amr_ws/install/ackermann_control:/home/aimo/livox_ws/install/point_cloud_convertor:/opt/ros/humble /usr/bin/cmake --build /home/aimo/amr_ws/build/cmdvel_to_ackermann -- -j20 -l20
[0.290s] DEBUG:colcon.colcon_core.event_handler.log_command:Invoking command in '/home/aimo/amr_ws/build/my_slam': CMAKE_PREFIX_PATH=${CMAKE_PREFIX_PATH}:/home/aimo/amr_ws/install/ackermann_control:/home/aimo/livox_ws/install/point_cloud_convertor:/opt/ros/humble /usr/bin/cmake --build /home/aimo/amr_ws/build/my_slam -- -j20 -l20
[0.307s] DEBUG:colcon.colcon_core.event_handler.log_command:Invoked command in '/home/aimo/amr_ws/build/cmdvel_to_ackermann' returned '0': CMAKE_PREFIX_PATH=${CMAKE_PREFIX_PATH}:/home/aimo/amr_ws/install/ackermann_control:/home/aimo/livox_ws/install/point_cloud_convertor:/opt/ros/humble /usr/bin/cmake --build /home/aimo/amr_ws/build/cmdvel_to_ackermann -- -j20 -l20
[0.312s] DEBUG:colcon.colcon_core.event_handler.log_command:Invoking command in '/home/aimo/amr_ws/build/cmdvel_to_ackermann': CMAKE_PREFIX_PATH=${CMAKE_PREFIX_PATH}:/home/aimo/amr_ws/install/ackermann_control:/home/aimo/livox_ws/install/point_cloud_convertor:/opt/ros/humble /usr/bin/cmake --install /home/aimo/amr_ws/build/cmdvel_to_ackermann
[0.313s] DEBUG:colcon.colcon_core.event_handler.log_command:Invoked command in '/home/aimo/amr_ws/build/my_slam' returned '0': CMAKE_PREFIX_PATH=${CMAKE_PREFIX_PATH}:/home/aimo/amr_ws/install/ackermann_control:/home/aimo/livox_ws/install/point_cloud_convertor:/opt/ros/humble /usr/bin/cmake --build /home/aimo/amr_ws/build/my_slam -- -j20 -l20
[0.313s] DEBUG:colcon.colcon_core.event_handler.log_command:Invoking command in '/home/aimo/amr_ws/build/my_slam': CMAKE_PREFIX_PATH=${CMAKE_PREFIX_PATH}:/home/aimo/amr_ws/install/ackermann_control:/home/aimo/livox_ws/install/point_cloud_convertor:/opt/ros/humble /usr/bin/cmake --install /home/aimo/amr_ws/build/my_slam
[0.317s] Level 1:colcon.colcon_core.environment:create_environment_scripts_only(cmdvel_to_ackermann)
[0.319s] DEBUG:colcon.colcon_core.event_handler.log_command:Invoked command in '/home/aimo/amr_ws/build/cmdvel_to_ackermann' returned '0': CMAKE_PREFIX_PATH=${CMAKE_PREFIX_PATH}:/home/aimo/amr_ws/install/ackermann_control:/home/aimo/livox_ws/install/point_cloud_convertor:/opt/ros/humble /usr/bin/cmake --install /home/aimo/amr_ws/build/cmdvel_to_ackermann
[0.319s] Level 1:colcon.colcon_core.environment:checking '/home/aimo/amr_ws/install/cmdvel_to_ackermann' for CMake module files
[0.319s] Level 1:colcon.colcon_core.environment:checking '/home/aimo/amr_ws/install/cmdvel_to_ackermann' for CMake config files
[0.319s] Level 1:colcon.colcon_core.shell:create_environment_hook('cmdvel_to_ackermann', 'cmake_prefix_path')
[0.319s] INFO:colcon.colcon_core.shell:Creating environment hook '/home/aimo/amr_ws/install/cmdvel_to_ackermann/share/cmdvel_to_ackermann/hook/cmake_prefix_path.ps1'
[0.320s] INFO:colcon.colcon_core.shell:Creating environment descriptor '/home/aimo/amr_ws/install/cmdvel_to_ackermann/share/cmdvel_to_ackermann/hook/cmake_prefix_path.dsv'
[0.320s] INFO:colcon.colcon_core.shell:Creating environment hook '/home/aimo/amr_ws/install/cmdvel_to_ackermann/share/cmdvel_to_ackermann/hook/cmake_prefix_path.sh'
[0.320s] Level 1:colcon.colcon_core.environment:checking '/home/aimo/amr_ws/install/cmdvel_to_ackermann/lib'
[0.320s] Level 1:colcon.colcon_core.environment:checking '/home/aimo/amr_ws/install/cmdvel_to_ackermann/bin'
[0.320s] Level 1:colcon.colcon_core.environment:checking '/home/aimo/amr_ws/install/cmdvel_to_ackermann/lib/pkgconfig/cmdvel_to_ackermann.pc'
[0.320s] Level 1:colcon.colcon_core.environment:checking '/home/aimo/amr_ws/install/cmdvel_to_ackermann/lib/python3.10/site-packages'
[0.320s] Level 1:colcon.colcon_core.environment:checking '/home/aimo/amr_ws/install/cmdvel_to_ackermann/bin'
[0.321s] INFO:colcon.colcon_core.shell:Creating package script '/home/aimo/amr_ws/install/cmdvel_to_ackermann/share/cmdvel_to_ackermann/package.ps1'
[0.321s] INFO:colcon.colcon_core.shell:Creating package descriptor '/home/aimo/amr_ws/install/cmdvel_to_ackermann/share/cmdvel_to_ackermann/package.dsv'
[0.321s] INFO:colcon.colcon_core.shell:Creating package script '/home/aimo/amr_ws/install/cmdvel_to_ackermann/share/cmdvel_to_ackermann/package.sh'
[0.321s] INFO:colcon.colcon_core.shell:Creating package script '/home/aimo/amr_ws/install/cmdvel_to_ackermann/share/cmdvel_to_ackermann/package.bash'
[0.322s] INFO:colcon.colcon_core.shell:Creating package script '/home/aimo/amr_ws/install/cmdvel_to_ackermann/share/cmdvel_to_ackermann/package.zsh'
[0.322s] Level 1:colcon.colcon_core.environment:create_file_with_runtime_dependencies(/home/aimo/amr_ws/install/cmdvel_to_ackermann/share/colcon-core/packages/cmdvel_to_ackermann)
[0.322s] Level 1:colcon.colcon_core.environment:create_environment_scripts_only(cmdvel_to_ackermann)
[0.322s] Level 1:colcon.colcon_core.environment:checking '/home/aimo/amr_ws/install/cmdvel_to_ackermann' for CMake module files
[0.322s] Level 1:colcon.colcon_core.environment:checking '/home/aimo/amr_ws/install/cmdvel_to_ackermann' for CMake config files
[0.322s] Level 1:colcon.colcon_core.shell:create_environment_hook('cmdvel_to_ackermann', 'cmake_prefix_path')
[0.322s] INFO:colcon.colcon_core.shell:Creating environment hook '/home/aimo/amr_ws/install/cmdvel_to_ackermann/share/cmdvel_to_ackermann/hook/cmake_prefix_path.ps1'
[0.323s] INFO:colcon.colcon_core.shell:Creating environment descriptor '/home/aimo/amr_ws/install/cmdvel_to_ackermann/share/cmdvel_to_ackermann/hook/cmake_prefix_path.dsv'
[0.323s] INFO:colcon.colcon_core.shell:Creating environment hook '/home/aimo/amr_ws/install/cmdvel_to_ackermann/share/cmdvel_to_ackermann/hook/cmake_prefix_path.sh'
[0.323s] Level 1:colcon.colcon_core.environment:checking '/home/aimo/amr_ws/install/cmdvel_to_ackermann/lib'
[0.323s] Level 1:colcon.colcon_core.environment:checking '/home/aimo/amr_ws/install/cmdvel_to_ackermann/bin'
[0.323s] Level 1:colcon.colcon_core.environment:checking '/home/aimo/amr_ws/install/cmdvel_to_ackermann/lib/pkgconfig/cmdvel_to_ackermann.pc'
[0.323s] Level 1:colcon.colcon_core.environment:checking '/home/aimo/amr_ws/install/cmdvel_to_ackermann/lib/python3.10/site-packages'
[0.323s] Level 1:colcon.colcon_core.environment:checking '/home/aimo/amr_ws/install/cmdvel_to_ackermann/bin'
[0.323s] INFO:colcon.colcon_core.shell:Creating package script '/home/aimo/amr_ws/install/cmdvel_to_ackermann/share/cmdvel_to_ackermann/package.ps1'
[0.324s] INFO:colcon.colcon_core.shell:Creating package descriptor '/home/aimo/amr_ws/install/cmdvel_to_ackermann/share/cmdvel_to_ackermann/package.dsv'
[0.324s] INFO:colcon.colcon_core.shell:Creating package script '/home/aimo/amr_ws/install/cmdvel_to_ackermann/share/cmdvel_to_ackermann/package.sh'
[0.324s] INFO:colcon.colcon_core.shell:Creating package script '/home/aimo/amr_ws/install/cmdvel_to_ackermann/share/cmdvel_to_ackermann/package.bash'
[0.324s] INFO:colcon.colcon_core.shell:Creating package script '/home/aimo/amr_ws/install/cmdvel_to_ackermann/share/cmdvel_to_ackermann/package.zsh'
[0.324s] Level 1:colcon.colcon_core.environment:create_file_with_runtime_dependencies(/home/aimo/amr_ws/install/cmdvel_to_ackermann/share/colcon-core/packages/cmdvel_to_ackermann)
[0.325s] Level 1:colcon.colcon_core.environment:create_environment_scripts_only(my_slam)
[0.325s] Level 1:colcon.colcon_core.environment:checking '/home/aimo/amr_ws/install/my_slam' for CMake module files
[0.326s] Level 1:colcon.colcon_core.environment:checking '/home/aimo/amr_ws/install/my_slam' for CMake config files
[0.326s] Level 1:colcon.colcon_core.shell:create_environment_hook('my_slam', 'cmake_prefix_path')
[0.326s] INFO:colcon.colcon_core.shell:Creating environment hook '/home/aimo/amr_ws/install/my_slam/share/my_slam/hook/cmake_prefix_path.ps1'
[0.327s] INFO:colcon.colcon_core.shell:Creating environment descriptor '/home/aimo/amr_ws/install/my_slam/share/my_slam/hook/cmake_prefix_path.dsv'
[0.327s] INFO:colcon.colcon_core.shell:Creating environment hook '/home/aimo/amr_ws/install/my_slam/share/my_slam/hook/cmake_prefix_path.sh'
[0.327s] Level 1:colcon.colcon_core.environment:checking '/home/aimo/amr_ws/install/my_slam/bin'
[0.327s] Level 1:colcon.colcon_core.environment:checking '/home/aimo/amr_ws/install/my_slam/lib/pkgconfig/my_slam.pc'
[0.327s] Level 1:colcon.colcon_core.environment:checking '/home/aimo/amr_ws/install/my_slam/lib/python3.10/site-packages'
[0.327s] Level 1:colcon.colcon_core.environment:checking '/home/aimo/amr_ws/install/my_slam/bin'
[0.327s] INFO:colcon.colcon_core.shell:Creating package script '/home/aimo/amr_ws/install/my_slam/share/my_slam/package.ps1'
[0.328s] INFO:colcon.colcon_core.shell:Creating package descriptor '/home/aimo/amr_ws/install/my_slam/share/my_slam/package.dsv'
[0.328s] INFO:colcon.colcon_core.shell:Creating package script '/home/aimo/amr_ws/install/my_slam/share/my_slam/package.sh'
[0.328s] INFO:colcon.colcon_core.shell:Creating package script '/home/aimo/amr_ws/install/my_slam/share/my_slam/package.bash'
[0.328s] INFO:colcon.colcon_core.shell:Creating package script '/home/aimo/amr_ws/install/my_slam/share/my_slam/package.zsh'
[0.329s] Level 1:colcon.colcon_core.environment:create_file_with_runtime_dependencies(/home/aimo/amr_ws/install/my_slam/share/colcon-core/packages/my_slam)
[0.329s] Level 1:colcon.colcon_core.environment:create_environment_scripts_only(my_slam)
[0.329s] Level 1:colcon.colcon_core.environment:checking '/home/aimo/amr_ws/install/my_slam' for CMake module files
[0.329s] Level 1:colcon.colcon_core.environment:checking '/home/aimo/amr_ws/install/my_slam' for CMake config files
[0.329s] Level 1:colcon.colcon_core.shell:create_environment_hook('my_slam', 'cmake_prefix_path')
[0.329s] INFO:colcon.colcon_core.shell:Creating environment hook '/home/aimo/amr_ws/install/my_slam/share/my_slam/hook/cmake_prefix_path.ps1'
[0.329s] INFO:colcon.colcon_core.shell:Creating environment descriptor '/home/aimo/amr_ws/install/my_slam/share/my_slam/hook/cmake_prefix_path.dsv'
[0.329s] INFO:colcon.colcon_core.shell:Creating environment hook '/home/aimo/amr_ws/install/my_slam/share/my_slam/hook/cmake_prefix_path.sh'
[0.330s] Level 1:colcon.colcon_core.environment:checking '/home/aimo/amr_ws/install/my_slam/bin'
[0.330s] Level 1:colcon.colcon_core.environment:checking '/home/aimo/amr_ws/install/my_slam/lib/pkgconfig/my_slam.pc'
[0.330s] Level 1:colcon.colcon_core.environment:checking '/home/aimo/amr_ws/install/my_slam/lib/python3.10/site-packages'
[0.330s] Level 1:colcon.colcon_core.environment:checking '/home/aimo/amr_ws/install/my_slam/bin'
[0.330s] INFO:colcon.colcon_core.shell:Creating package script '/home/aimo/amr_ws/install/my_slam/share/my_slam/package.ps1'
[0.331s] INFO:colcon.colcon_core.shell:Creating package descriptor '/home/aimo/amr_ws/install/my_slam/share/my_slam/package.dsv'
[0.331s] INFO:colcon.colcon_core.shell:Creating package script '/home/aimo/amr_ws/install/my_slam/share/my_slam/package.sh'
[0.331s] INFO:colcon.colcon_core.shell:Creating package script '/home/aimo/amr_ws/install/my_slam/share/my_slam/package.bash'
[0.331s] INFO:colcon.colcon_core.shell:Creating package script '/home/aimo/amr_ws/install/my_slam/share/my_slam/package.zsh'
[0.331s] Level 1:colcon.colcon_core.environment:create_file_with_runtime_dependencies(/home/aimo/amr_ws/install/my_slam/share/colcon-core/packages/my_slam)
[0.331s] DEBUG:colcon.colcon_core.event_handler.log_command:Invoked command in '/home/aimo/amr_ws/build/my_slam' returned '0': CMAKE_PREFIX_PATH=${CMAKE_PREFIX_PATH}:/home/aimo/amr_ws/install/ackermann_control:/home/aimo/livox_ws/install/point_cloud_convertor:/opt/ros/humble /usr/bin/cmake --install /home/aimo/amr_ws/build/my_slam
[0.455s] DEBUG:colcon.colcon_core.event_handler.log_command:Invoking command in '/home/aimo/amr_ws/src/ackermannControllerPackage-ROS2/ackermann_control': PYTHONPATH=/home/aimo/amr_ws/build/ackermann_control/prefix_override:/usr/lib/python3/dist-packages/colcon_core/task/python/colcon_distutils_commands:/home/aimo/amr_ws/install/ackermann_control/lib/python3.10/site-packages:${PYTHONPATH} /usr/bin/python3 -W ignore:setup.py install is deprecated -W ignore:easy_install command is deprecated setup.py egg_info --egg-base ../../../build/ackermann_control build --build-base /home/aimo/amr_ws/build/ackermann_control/build install --record /home/aimo/amr_ws/build/ackermann_control/install.log --single-version-externally-managed install_data
[0.572s] Level 1:colcon.colcon_core.environment:checking '/home/aimo/amr_ws/install/ackermann_control' for CMake module files
[0.573s] DEBUG:colcon.colcon_core.event_handler.log_command:Invoked command in '/home/aimo/amr_ws/src/ackermannControllerPackage-ROS2/ackermann_control' returned '0': PYTHONPATH=/home/aimo/amr_ws/build/ackermann_control/prefix_override:/usr/lib/python3/dist-packages/colcon_core/task/python/colcon_distutils_commands:/home/aimo/amr_ws/install/ackermann_control/lib/python3.10/site-packages:${PYTHONPATH} /usr/bin/python3 -W ignore:setup.py install is deprecated -W ignore:easy_install command is deprecated setup.py egg_info --egg-base ../../../build/ackermann_control build --build-base /home/aimo/amr_ws/build/ackermann_control/build install --record /home/aimo/amr_ws/build/ackermann_control/install.log --single-version-externally-managed install_data
[0.573s] Level 1:colcon.colcon_core.environment:checking '/home/aimo/amr_ws/install/ackermann_control' for CMake config files
[0.573s] Level 1:colcon.colcon_core.environment:checking '/home/aimo/amr_ws/install/ackermann_control/lib'
[0.573s] Level 1:colcon.colcon_core.environment:checking '/home/aimo/amr_ws/install/ackermann_control/bin'
[0.573s] Level 1:colcon.colcon_core.environment:checking '/home/aimo/amr_ws/install/ackermann_control/lib/pkgconfig/ackermann_control.pc'
[0.573s] Level 1:colcon.colcon_core.environment:checking '/home/aimo/amr_ws/install/ackermann_control/lib/python3.10/site-packages'
[0.573s] Level 1:colcon.colcon_core.shell:create_environment_hook('ackermann_control', 'pythonpath')
[0.573s] INFO:colcon.colcon_core.shell:Creating environment hook '/home/aimo/amr_ws/install/ackermann_control/share/ackermann_control/hook/pythonpath.ps1'
[0.574s] INFO:colcon.colcon_core.shell:Creating environment descriptor '/home/aimo/amr_ws/install/ackermann_control/share/ackermann_control/hook/pythonpath.dsv'
[0.574s] INFO:colcon.colcon_core.shell:Creating environment hook '/home/aimo/amr_ws/install/ackermann_control/share/ackermann_control/hook/pythonpath.sh'
[0.574s] Level 1:colcon.colcon_core.environment:checking '/home/aimo/amr_ws/install/ackermann_control/bin'
[0.574s] Level 1:colcon.colcon_core.environment:create_environment_scripts_only(ackermann_control)
[0.574s] INFO:colcon.colcon_core.shell:Creating package script '/home/aimo/amr_ws/install/ackermann_control/share/ackermann_control/package.ps1'
[0.574s] INFO:colcon.colcon_core.shell:Creating package descriptor '/home/aimo/amr_ws/install/ackermann_control/share/ackermann_control/package.dsv'
[0.574s] INFO:colcon.colcon_core.shell:Creating package script '/home/aimo/amr_ws/install/ackermann_control/share/ackermann_control/package.sh'
[0.575s] INFO:colcon.colcon_core.shell:Creating package script '/home/aimo/amr_ws/install/ackermann_control/share/ackermann_control/package.bash'
[0.575s] INFO:colcon.colcon_core.shell:Creating package script '/home/aimo/amr_ws/install/ackermann_control/share/ackermann_control/package.zsh'
[0.575s] Level 1:colcon.colcon_core.environment:create_file_with_runtime_dependencies(/home/aimo/amr_ws/install/ackermann_control/share/colcon-core/packages/ackermann_control)
[0.575s] DEBUG:colcon.colcon_parallel_executor.executor.parallel:closing loop
[0.575s] DEBUG:colcon.colcon_parallel_executor.executor.parallel:loop closed
[0.575s] DEBUG:colcon.colcon_parallel_executor.executor.parallel:run_until_complete finished with '0'
[0.575s] DEBUG:colcon.colcon_core.event_reactor:joining thread
[0.578s] INFO:colcon.colcon_core.plugin_system:Skipping extension 'colcon_notification.desktop_notification.terminal_notifier': Not used on non-Darwin systems
[0.578s] INFO:colcon.colcon_core.plugin_system:Skipping extension 'colcon_notification.desktop_notification.win32': Not used on non-Windows systems
[0.578s] INFO:colcon.colcon_notification.desktop_notification:Sending desktop notification using 'notify2'
[0.584s] DEBUG:colcon.colcon_core.event_reactor:joined thread
[0.585s] INFO:colcon.colcon_core.shell:Creating prefix script '/home/aimo/amr_ws/install/local_setup.ps1'
[0.585s] INFO:colcon.colcon_core.shell:Creating prefix util module '/home/aimo/amr_ws/install/_local_setup_util_ps1.py'
[0.586s] INFO:colcon.colcon_core.shell:Creating prefix chain script '/home/aimo/amr_ws/install/setup.ps1'
[0.586s] INFO:colcon.colcon_core.shell:Creating prefix script '/home/aimo/amr_ws/install/local_setup.sh'
[0.586s] INFO:colcon.colcon_core.shell:Creating prefix util module '/home/aimo/amr_ws/install/_local_setup_util_sh.py'
[0.587s] INFO:colcon.colcon_core.shell:Creating prefix chain script '/home/aimo/amr_ws/install/setup.sh'
[0.587s] INFO:colcon.colcon_core.shell:Creating prefix script '/home/aimo/amr_ws/install/local_setup.bash'
[0.587s] INFO:colcon.colcon_core.shell:Creating prefix chain script '/home/aimo/amr_ws/install/setup.bash'
[0.588s] INFO:colcon.colcon_core.shell:Creating prefix script '/home/aimo/amr_ws/install/local_setup.zsh'
[0.588s] INFO:colcon.colcon_core.shell:Creating prefix chain script '/home/aimo/amr_ws/install/setup.zsh'
