-- Install configuration: ""
-- Up-to-date: /home/aimo/amr_ws/install/my_slam/share/my_slam/launch
-- Up-to-date: /home/aimo/amr_ws/install/my_slam/share/my_slam/launch/my_amr_navigation.launch.py
-- Up-to-date: /home/aimo/amr_ws/install/my_slam/share/my_slam/launch/slam_mapping.launch.py
-- Up-to-date: /home/aimo/amr_ws/install/my_slam/share/my_slam/launch/new_map.launch.py
-- Up-to-date: /home/aimo/amr_ws/install/my_slam/share/my_slam/params
-- Up-to-date: /home/aimo/amr_ws/install/my_slam/share/my_slam/params/load_map.yaml
-- Up-to-date: /home/aimo/amr_ws/install/my_slam/share/my_slam/params/my_amr_param.yaml
-- Installing: /home/aimo/amr_ws/install/my_slam/share/my_slam/params/carter_navigation_params.yaml
-- Up-to-date: /home/aimo/amr_ws/install/my_slam/share/my_slam/maps
-- Up-to-date: /home/aimo/amr_ws/install/my_slam/share/my_slam/maps/carter_warehouse_navigation.pmg
-- Up-to-date: /home/aimo/amr_ws/install/my_slam/share/my_slam/maps/carter_warehouse_navigation.yaml
-- Up-to-date: /home/aimo/amr_ws/install/my_slam/share/my_slam/maps/carter_warehouse_navigation.png
-- Up-to-date: /home/aimo/amr_ws/install/my_slam/share/my_slam/rviz2
-- Up-to-date: /home/aimo/amr_ws/install/my_slam/share/my_slam/rviz2/carter_navigation.rviz
-- Up-to-date: /home/aimo/amr_ws/install/my_slam/share/my_slam/rviz2/carter_navigation_namespaced.rviz
-- Up-to-date: /home/aimo/amr_ws/install/my_slam/share/my_slam/rviz2/my_navigation.rviz
-- Up-to-date: /home/aimo/amr_ws/install/my_slam/share/my_slam/rviz2/mapping.rviz
-- Up-to-date: /home/aimo/amr_ws/install/my_slam/share/my_slam/config
-- Up-to-date: /home/aimo/amr_ws/install/my_slam/share/my_slam/config/mapper_params_online_async.yaml
-- Up-to-date: /home/aimo/amr_ws/install/my_slam/share/my_slam/config/amcl.yaml
-- Up-to-date: /home/aimo/amr_ws/install/my_slam/share/my_slam/config/mapper_params_online_async_carter.yaml
-- Installing: /home/aimo/amr_ws/install/my_slam/share/my_slam/config/new_map_config.yaml
-- Up-to-date: /home/aimo/amr_ws/install/my_slam/share/ament_index/resource_index/package_run_dependencies/my_slam
-- Up-to-date: /home/aimo/amr_ws/install/my_slam/share/ament_index/resource_index/parent_prefix_path/my_slam
-- Up-to-date: /home/aimo/amr_ws/install/my_slam/share/my_slam/environment/ament_prefix_path.sh
-- Up-to-date: /home/aimo/amr_ws/install/my_slam/share/my_slam/environment/ament_prefix_path.dsv
-- Up-to-date: /home/aimo/amr_ws/install/my_slam/share/my_slam/environment/path.sh
-- Up-to-date: /home/aimo/amr_ws/install/my_slam/share/my_slam/environment/path.dsv
-- Up-to-date: /home/aimo/amr_ws/install/my_slam/share/my_slam/local_setup.bash
-- Up-to-date: /home/aimo/amr_ws/install/my_slam/share/my_slam/local_setup.sh
-- Up-to-date: /home/aimo/amr_ws/install/my_slam/share/my_slam/local_setup.zsh
-- Up-to-date: /home/aimo/amr_ws/install/my_slam/share/my_slam/local_setup.dsv
-- Installing: /home/aimo/amr_ws/install/my_slam/share/my_slam/package.dsv
-- Up-to-date: /home/aimo/amr_ws/install/my_slam/share/ament_index/resource_index/packages/my_slam
-- Up-to-date: /home/aimo/amr_ws/install/my_slam/share/my_slam/cmake/my_slamConfig.cmake
-- Up-to-date: /home/aimo/amr_ws/install/my_slam/share/my_slam/cmake/my_slamConfig-version.cmake
-- Up-to-date: /home/aimo/amr_ws/install/my_slam/share/my_slam/package.xml
