[0.087s] DEBUG:colcon:Command line arguments: ['/usr/bin/colcon', 'build']
[0.087s] DEBUG:colcon:Parsed command line arguments: Namespace(log_base=None, log_level=None, verb_name='build', build_base='build', install_base='install', merge_install=False, symlink_install=False, test_result_base=None, continue_on_error=False, executor='parallel', parallel_workers=20, event_handlers=None, ignore_user_meta=False, metas=['./colcon.meta'], base_paths=['.'], packages_ignore=None, packages_ignore_regex=None, paths=None, packages_up_to=None, packages_up_to_regex=None, packages_above=None, packages_above_and_dependencies=None, packages_above_depth=None, packages_select_by_dep=None, packages_skip_by_dep=None, packages_skip_up_to=None, packages_select_build_failed=False, packages_skip_build_finished=False, packages_select_test_failures=False, packages_skip_test_passed=False, packages_select=None, packages_skip=None, packages_select_regex=None, packages_skip_regex=None, packages_start=None, packages_end=None, allow_overriding=[], cmake_args=None, cmake_target=None, cmake_target_skip_unavailable=False, cmake_clean_cache=False, cmake_clean_first=False, cmake_force_configure=False, ament_cmake_args=None, catkin_cmake_args=None, catkin_skip_building_tests=False, mixin_files=None, mixin=None, verb_parser=<colcon_mixin.mixin.mixin_argument.MixinArgumentDecorator object at 0x76c9fcf69ea0>, verb_extension=<colcon_core.verb.build.BuildVerb object at 0x76c9fd066e90>, main=<bound method BuildVerb.main of <colcon_core.verb.build.BuildVerb object at 0x76c9fd066e90>>, mixin_verb=('build',))
[0.239s] Level 1:colcon.colcon_core.package_discovery:discover_packages(colcon_meta) check parameters
[0.239s] Level 1:colcon.colcon_core.package_discovery:discover_packages(recursive) check parameters
[0.239s] Level 1:colcon.colcon_core.package_discovery:discover_packages(ignore) check parameters
[0.239s] Level 1:colcon.colcon_core.package_discovery:discover_packages(path) check parameters
[0.239s] Level 1:colcon.colcon_core.package_discovery:discover_packages(colcon_meta) discover
[0.239s] Level 1:colcon.colcon_core.package_discovery:discover_packages(recursive) discover
[0.239s] INFO:colcon.colcon_core.package_discovery:Crawling recursively for packages in '/home/aimo/amr_ws'
[0.239s] Level 1:colcon.colcon_core.package_identification:_identify(.) by extensions ['ignore', 'ignore_ament_install']
[0.239s] Level 1:colcon.colcon_core.package_identification:_identify(.) by extension 'ignore'
[0.239s] Level 1:colcon.colcon_core.package_identification:_identify(.) by extension 'ignore_ament_install'
[0.239s] Level 1:colcon.colcon_core.package_identification:_identify(.) by extensions ['colcon_pkg']
[0.239s] Level 1:colcon.colcon_core.package_identification:_identify(.) by extension 'colcon_pkg'
[0.239s] Level 1:colcon.colcon_core.package_identification:_identify(.) by extensions ['colcon_meta']
[0.239s] Level 1:colcon.colcon_core.package_identification:_identify(.) by extension 'colcon_meta'
[0.239s] Level 1:colcon.colcon_core.package_identification:_identify(.) by extensions ['ros']
[0.239s] Level 1:colcon.colcon_core.package_identification:_identify(.) by extension 'ros'
[0.246s] Level 1:colcon.colcon_core.package_identification:_identify(.) by extensions ['cmake', 'python']
[0.246s] Level 1:colcon.colcon_core.package_identification:_identify(.) by extension 'cmake'
[0.246s] Level 1:colcon.colcon_core.package_identification:_identify(.) by extension 'python'
[0.246s] Level 1:colcon.colcon_core.package_identification:_identify(.) by extensions ['python_setup_py']
[0.246s] Level 1:colcon.colcon_core.package_identification:_identify(.) by extension 'python_setup_py'
[0.246s] Level 1:colcon.colcon_core.package_identification:_identify(build) by extensions ['ignore', 'ignore_ament_install']
[0.246s] Level 1:colcon.colcon_core.package_identification:_identify(build) by extension 'ignore'
[0.246s] Level 1:colcon.colcon_core.package_identification:_identify(build) ignored
[0.246s] Level 1:colcon.colcon_core.package_identification:_identify(install) by extensions ['ignore', 'ignore_ament_install']
[0.246s] Level 1:colcon.colcon_core.package_identification:_identify(install) by extension 'ignore'
[0.246s] Level 1:colcon.colcon_core.package_identification:_identify(install) ignored
[0.246s] Level 1:colcon.colcon_core.package_identification:_identify(log) by extensions ['ignore', 'ignore_ament_install']
[0.246s] Level 1:colcon.colcon_core.package_identification:_identify(log) by extension 'ignore'
[0.246s] Level 1:colcon.colcon_core.package_identification:_identify(log) ignored
[0.246s] Level 1:colcon.colcon_core.package_identification:_identify(src) by extensions ['ignore', 'ignore_ament_install']
[0.246s] Level 1:colcon.colcon_core.package_identification:_identify(src) by extension 'ignore'
[0.246s] Level 1:colcon.colcon_core.package_identification:_identify(src) by extension 'ignore_ament_install'
[0.246s] Level 1:colcon.colcon_core.package_identification:_identify(src) by extensions ['colcon_pkg']
[0.246s] Level 1:colcon.colcon_core.package_identification:_identify(src) by extension 'colcon_pkg'
[0.246s] Level 1:colcon.colcon_core.package_identification:_identify(src) by extensions ['colcon_meta']
[0.246s] Level 1:colcon.colcon_core.package_identification:_identify(src) by extension 'colcon_meta'
[0.246s] Level 1:colcon.colcon_core.package_identification:_identify(src) by extensions ['ros']
[0.246s] Level 1:colcon.colcon_core.package_identification:_identify(src) by extension 'ros'
[0.247s] Level 1:colcon.colcon_core.package_identification:_identify(src) by extensions ['cmake', 'python']
[0.247s] Level 1:colcon.colcon_core.package_identification:_identify(src) by extension 'cmake'
[0.247s] Level 1:colcon.colcon_core.package_identification:_identify(src) by extension 'python'
[0.247s] Level 1:colcon.colcon_core.package_identification:_identify(src) by extensions ['python_setup_py']
[0.247s] Level 1:colcon.colcon_core.package_identification:_identify(src) by extension 'python_setup_py'
[0.247s] Level 1:colcon.colcon_core.package_identification:_identify(src/ackermann_control) by extensions ['ignore', 'ignore_ament_install']
[0.247s] Level 1:colcon.colcon_core.package_identification:_identify(src/ackermann_control) by extension 'ignore'
[0.247s] Level 1:colcon.colcon_core.package_identification:_identify(src/ackermann_control) by extension 'ignore_ament_install'
[0.247s] Level 1:colcon.colcon_core.package_identification:_identify(src/ackermann_control) by extensions ['colcon_pkg']
[0.247s] Level 1:colcon.colcon_core.package_identification:_identify(src/ackermann_control) by extension 'colcon_pkg'
[0.247s] Level 1:colcon.colcon_core.package_identification:_identify(src/ackermann_control) by extensions ['colcon_meta']
[0.247s] Level 1:colcon.colcon_core.package_identification:_identify(src/ackermann_control) by extension 'colcon_meta'
[0.247s] Level 1:colcon.colcon_core.package_identification:_identify(src/ackermann_control) by extensions ['ros']
[0.247s] Level 1:colcon.colcon_core.package_identification:_identify(src/ackermann_control) by extension 'ros'
[0.247s] Level 1:colcon.colcon_core.package_identification:_identify(src/ackermann_control) by extensions ['cmake', 'python']
[0.247s] Level 1:colcon.colcon_core.package_identification:_identify(src/ackermann_control) by extension 'cmake'
[0.247s] Level 1:colcon.colcon_core.package_identification:_identify(src/ackermann_control) by extension 'python'
[0.247s] Level 1:colcon.colcon_core.package_identification:_identify(src/ackermann_control) by extensions ['python_setup_py']
[0.247s] Level 1:colcon.colcon_core.package_identification:_identify(src/ackermann_control) by extension 'python_setup_py'
[0.247s] Level 1:colcon.colcon_core.package_identification:_identify(src/ackermann_control/cmdvel_to_ackermann) by extensions ['ignore', 'ignore_ament_install']
[0.247s] Level 1:colcon.colcon_core.package_identification:_identify(src/ackermann_control/cmdvel_to_ackermann) by extension 'ignore'
[0.247s] Level 1:colcon.colcon_core.package_identification:_identify(src/ackermann_control/cmdvel_to_ackermann) by extension 'ignore_ament_install'
[0.247s] Level 1:colcon.colcon_core.package_identification:_identify(src/ackermann_control/cmdvel_to_ackermann) by extensions ['colcon_pkg']
[0.247s] Level 1:colcon.colcon_core.package_identification:_identify(src/ackermann_control/cmdvel_to_ackermann) by extension 'colcon_pkg'
[0.247s] Level 1:colcon.colcon_core.package_identification:_identify(src/ackermann_control/cmdvel_to_ackermann) by extensions ['colcon_meta']
[0.247s] Level 1:colcon.colcon_core.package_identification:_identify(src/ackermann_control/cmdvel_to_ackermann) by extension 'colcon_meta'
[0.247s] Level 1:colcon.colcon_core.package_identification:_identify(src/ackermann_control/cmdvel_to_ackermann) by extensions ['ros']
[0.247s] Level 1:colcon.colcon_core.package_identification:_identify(src/ackermann_control/cmdvel_to_ackermann) by extension 'ros'
[0.249s] DEBUG:colcon.colcon_core.package_identification:Package 'src/ackermann_control/cmdvel_to_ackermann' with type 'ros.ament_cmake' and name 'cmdvel_to_ackermann'
[0.249s] Level 1:colcon.colcon_core.package_identification:_identify(src/isaac_ros_map_localization) by extensions ['ignore', 'ignore_ament_install']
[0.249s] Level 1:colcon.colcon_core.package_identification:_identify(src/isaac_ros_map_localization) by extension 'ignore'
[0.249s] Level 1:colcon.colcon_core.package_identification:_identify(src/isaac_ros_map_localization) by extension 'ignore_ament_install'
[0.249s] Level 1:colcon.colcon_core.package_identification:_identify(src/isaac_ros_map_localization) by extensions ['colcon_pkg']
[0.249s] Level 1:colcon.colcon_core.package_identification:_identify(src/isaac_ros_map_localization) by extension 'colcon_pkg'
[0.249s] Level 1:colcon.colcon_core.package_identification:_identify(src/isaac_ros_map_localization) by extensions ['colcon_meta']
[0.249s] Level 1:colcon.colcon_core.package_identification:_identify(src/isaac_ros_map_localization) by extension 'colcon_meta'
[0.249s] Level 1:colcon.colcon_core.package_identification:_identify(src/isaac_ros_map_localization) by extensions ['ros']
[0.249s] Level 1:colcon.colcon_core.package_identification:_identify(src/isaac_ros_map_localization) by extension 'ros'
[0.249s] Level 1:colcon.colcon_core.package_identification:_identify(src/isaac_ros_map_localization) by extensions ['cmake', 'python']
[0.249s] Level 1:colcon.colcon_core.package_identification:_identify(src/isaac_ros_map_localization) by extension 'cmake'
[0.249s] Level 1:colcon.colcon_core.package_identification:_identify(src/isaac_ros_map_localization) by extension 'python'
[0.249s] Level 1:colcon.colcon_core.package_identification:_identify(src/isaac_ros_map_localization) by extensions ['python_setup_py']
[0.249s] Level 1:colcon.colcon_core.package_identification:_identify(src/isaac_ros_map_localization) by extension 'python_setup_py'
[0.249s] Level 1:colcon.colcon_core.package_identification:_identify(src/isaac_ros_map_localization/isaac_ros_occupancy_grid_localizer) by extensions ['ignore', 'ignore_ament_install']
[0.249s] Level 1:colcon.colcon_core.package_identification:_identify(src/isaac_ros_map_localization/isaac_ros_occupancy_grid_localizer) by extension 'ignore'
[0.249s] Level 1:colcon.colcon_core.package_identification:_identify(src/isaac_ros_map_localization/isaac_ros_occupancy_grid_localizer) by extension 'ignore_ament_install'
[0.249s] Level 1:colcon.colcon_core.package_identification:_identify(src/isaac_ros_map_localization/isaac_ros_occupancy_grid_localizer) by extensions ['colcon_pkg']
[0.249s] Level 1:colcon.colcon_core.package_identification:_identify(src/isaac_ros_map_localization/isaac_ros_occupancy_grid_localizer) by extension 'colcon_pkg'
[0.249s] Level 1:colcon.colcon_core.package_identification:_identify(src/isaac_ros_map_localization/isaac_ros_occupancy_grid_localizer) by extensions ['colcon_meta']
[0.249s] Level 1:colcon.colcon_core.package_identification:_identify(src/isaac_ros_map_localization/isaac_ros_occupancy_grid_localizer) by extension 'colcon_meta'
[0.249s] Level 1:colcon.colcon_core.package_identification:_identify(src/isaac_ros_map_localization/isaac_ros_occupancy_grid_localizer) by extensions ['ros']
[0.249s] Level 1:colcon.colcon_core.package_identification:_identify(src/isaac_ros_map_localization/isaac_ros_occupancy_grid_localizer) by extension 'ros'
[0.250s] DEBUG:colcon.colcon_core.package_identification:Package 'src/isaac_ros_map_localization/isaac_ros_occupancy_grid_localizer' with type 'ros.ament_cmake' and name 'isaac_ros_occupancy_grid_localizer'
[0.250s] Level 1:colcon.colcon_core.package_identification:_identify(src/isaac_ros_map_localization/isaac_ros_pointcloud_utils) by extensions ['ignore', 'ignore_ament_install']
[0.250s] Level 1:colcon.colcon_core.package_identification:_identify(src/isaac_ros_map_localization/isaac_ros_pointcloud_utils) by extension 'ignore'
[0.250s] Level 1:colcon.colcon_core.package_identification:_identify(src/isaac_ros_map_localization/isaac_ros_pointcloud_utils) by extension 'ignore_ament_install'
[0.250s] Level 1:colcon.colcon_core.package_identification:_identify(src/isaac_ros_map_localization/isaac_ros_pointcloud_utils) by extensions ['colcon_pkg']
[0.250s] Level 1:colcon.colcon_core.package_identification:_identify(src/isaac_ros_map_localization/isaac_ros_pointcloud_utils) by extension 'colcon_pkg'
[0.250s] Level 1:colcon.colcon_core.package_identification:_identify(src/isaac_ros_map_localization/isaac_ros_pointcloud_utils) by extensions ['colcon_meta']
[0.250s] Level 1:colcon.colcon_core.package_identification:_identify(src/isaac_ros_map_localization/isaac_ros_pointcloud_utils) by extension 'colcon_meta'
[0.250s] Level 1:colcon.colcon_core.package_identification:_identify(src/isaac_ros_map_localization/isaac_ros_pointcloud_utils) by extensions ['ros']
[0.250s] Level 1:colcon.colcon_core.package_identification:_identify(src/isaac_ros_map_localization/isaac_ros_pointcloud_utils) by extension 'ros'
[0.250s] DEBUG:colcon.colcon_core.package_identification:Package 'src/isaac_ros_map_localization/isaac_ros_pointcloud_utils' with type 'ros.ament_cmake' and name 'isaac_ros_pointcloud_utils'
[0.250s] Level 1:colcon.colcon_core.package_identification:_identify(src/my_slam) by extensions ['ignore', 'ignore_ament_install']
[0.250s] Level 1:colcon.colcon_core.package_identification:_identify(src/my_slam) by extension 'ignore'
[0.250s] Level 1:colcon.colcon_core.package_identification:_identify(src/my_slam) by extension 'ignore_ament_install'
[0.250s] Level 1:colcon.colcon_core.package_identification:_identify(src/my_slam) by extensions ['colcon_pkg']
[0.250s] Level 1:colcon.colcon_core.package_identification:_identify(src/my_slam) by extension 'colcon_pkg'
[0.251s] Level 1:colcon.colcon_core.package_identification:_identify(src/my_slam) by extensions ['colcon_meta']
[0.251s] Level 1:colcon.colcon_core.package_identification:_identify(src/my_slam) by extension 'colcon_meta'
[0.251s] Level 1:colcon.colcon_core.package_identification:_identify(src/my_slam) by extensions ['ros']
[0.251s] Level 1:colcon.colcon_core.package_identification:_identify(src/my_slam) by extension 'ros'
[0.251s] DEBUG:colcon.colcon_core.package_identification:Package 'src/my_slam' with type 'ros.ament_cmake' and name 'my_slam'
[0.251s] Level 1:colcon.colcon_core.package_discovery:discover_packages(recursive) using defaults
[0.251s] Level 1:colcon.colcon_core.package_discovery:discover_packages(ignore) discover
[0.251s] Level 1:colcon.colcon_core.package_discovery:discover_packages(ignore) using defaults
[0.251s] Level 1:colcon.colcon_core.package_discovery:discover_packages(path) discover
[0.251s] Level 1:colcon.colcon_core.package_discovery:discover_packages(path) using defaults
[0.269s] Level 1:colcon.colcon_core.package_discovery:discover_packages(prefix_path) check parameters
[0.269s] Level 1:colcon.colcon_core.package_discovery:discover_packages(prefix_path) discover
[0.271s] DEBUG:colcon.colcon_installed_package_information.package_discovery:Found 2 installed packages in /home/aimo/livox_ws/install
[0.272s] DEBUG:colcon.colcon_installed_package_information.package_discovery:Found 356 installed packages in /opt/ros/humble
[0.273s] Level 1:colcon.colcon_core.package_discovery:discover_packages(prefix_path) using defaults
[0.295s] Level 5:colcon.colcon_core.verb:set package 'cmdvel_to_ackermann' build argument 'cmake_args' from command line to 'None'
[0.295s] Level 5:colcon.colcon_core.verb:set package 'cmdvel_to_ackermann' build argument 'cmake_target' from command line to 'None'
[0.295s] Level 5:colcon.colcon_core.verb:set package 'cmdvel_to_ackermann' build argument 'cmake_target_skip_unavailable' from command line to 'False'
[0.295s] Level 5:colcon.colcon_core.verb:set package 'cmdvel_to_ackermann' build argument 'cmake_clean_cache' from command line to 'False'
[0.295s] Level 5:colcon.colcon_core.verb:set package 'cmdvel_to_ackermann' build argument 'cmake_clean_first' from command line to 'False'
[0.295s] Level 5:colcon.colcon_core.verb:set package 'cmdvel_to_ackermann' build argument 'cmake_force_configure' from command line to 'False'
[0.295s] Level 5:colcon.colcon_core.verb:set package 'cmdvel_to_ackermann' build argument 'ament_cmake_args' from command line to 'None'
[0.295s] Level 5:colcon.colcon_core.verb:set package 'cmdvel_to_ackermann' build argument 'catkin_cmake_args' from command line to 'None'
[0.295s] Level 5:colcon.colcon_core.verb:set package 'cmdvel_to_ackermann' build argument 'catkin_skip_building_tests' from command line to 'False'
[0.295s] DEBUG:colcon.colcon_core.verb:Building package 'cmdvel_to_ackermann' with the following arguments: {'ament_cmake_args': None, 'build_base': '/home/aimo/amr_ws/build/cmdvel_to_ackermann', 'catkin_cmake_args': None, 'catkin_skip_building_tests': False, 'cmake_args': None, 'cmake_clean_cache': False, 'cmake_clean_first': False, 'cmake_force_configure': False, 'cmake_target': None, 'cmake_target_skip_unavailable': False, 'install_base': '/home/aimo/amr_ws/install/cmdvel_to_ackermann', 'merge_install': False, 'path': '/home/aimo/amr_ws/src/ackermann_control/cmdvel_to_ackermann', 'symlink_install': False, 'test_result_base': None}
[0.295s] Level 5:colcon.colcon_core.verb:set package 'isaac_ros_pointcloud_utils' build argument 'cmake_args' from command line to 'None'
[0.295s] Level 5:colcon.colcon_core.verb:set package 'isaac_ros_pointcloud_utils' build argument 'cmake_target' from command line to 'None'
[0.295s] Level 5:colcon.colcon_core.verb:set package 'isaac_ros_pointcloud_utils' build argument 'cmake_target_skip_unavailable' from command line to 'False'
[0.295s] Level 5:colcon.colcon_core.verb:set package 'isaac_ros_pointcloud_utils' build argument 'cmake_clean_cache' from command line to 'False'
[0.295s] Level 5:colcon.colcon_core.verb:set package 'isaac_ros_pointcloud_utils' build argument 'cmake_clean_first' from command line to 'False'
[0.295s] Level 5:colcon.colcon_core.verb:set package 'isaac_ros_pointcloud_utils' build argument 'cmake_force_configure' from command line to 'False'
[0.295s] Level 5:colcon.colcon_core.verb:set package 'isaac_ros_pointcloud_utils' build argument 'ament_cmake_args' from command line to 'None'
[0.295s] Level 5:colcon.colcon_core.verb:set package 'isaac_ros_pointcloud_utils' build argument 'catkin_cmake_args' from command line to 'None'
[0.295s] Level 5:colcon.colcon_core.verb:set package 'isaac_ros_pointcloud_utils' build argument 'catkin_skip_building_tests' from command line to 'False'
[0.295s] DEBUG:colcon.colcon_core.verb:Building package 'isaac_ros_pointcloud_utils' with the following arguments: {'ament_cmake_args': None, 'build_base': '/home/aimo/amr_ws/build/isaac_ros_pointcloud_utils', 'catkin_cmake_args': None, 'catkin_skip_building_tests': False, 'cmake_args': None, 'cmake_clean_cache': False, 'cmake_clean_first': False, 'cmake_force_configure': False, 'cmake_target': None, 'cmake_target_skip_unavailable': False, 'install_base': '/home/aimo/amr_ws/install/isaac_ros_pointcloud_utils', 'merge_install': False, 'path': '/home/aimo/amr_ws/src/isaac_ros_map_localization/isaac_ros_pointcloud_utils', 'symlink_install': False, 'test_result_base': None}
[0.295s] Level 5:colcon.colcon_core.verb:set package 'my_slam' build argument 'cmake_args' from command line to 'None'
[0.295s] Level 5:colcon.colcon_core.verb:set package 'my_slam' build argument 'cmake_target' from command line to 'None'
[0.295s] Level 5:colcon.colcon_core.verb:set package 'my_slam' build argument 'cmake_target_skip_unavailable' from command line to 'False'
[0.295s] Level 5:colcon.colcon_core.verb:set package 'my_slam' build argument 'cmake_clean_cache' from command line to 'False'
[0.295s] Level 5:colcon.colcon_core.verb:set package 'my_slam' build argument 'cmake_clean_first' from command line to 'False'
[0.295s] Level 5:colcon.colcon_core.verb:set package 'my_slam' build argument 'cmake_force_configure' from command line to 'False'
[0.295s] Level 5:colcon.colcon_core.verb:set package 'my_slam' build argument 'ament_cmake_args' from command line to 'None'
[0.295s] Level 5:colcon.colcon_core.verb:set package 'my_slam' build argument 'catkin_cmake_args' from command line to 'None'
[0.295s] Level 5:colcon.colcon_core.verb:set package 'my_slam' build argument 'catkin_skip_building_tests' from command line to 'False'
[0.295s] DEBUG:colcon.colcon_core.verb:Building package 'my_slam' with the following arguments: {'ament_cmake_args': None, 'build_base': '/home/aimo/amr_ws/build/my_slam', 'catkin_cmake_args': None, 'catkin_skip_building_tests': False, 'cmake_args': None, 'cmake_clean_cache': False, 'cmake_clean_first': False, 'cmake_force_configure': False, 'cmake_target': None, 'cmake_target_skip_unavailable': False, 'install_base': '/home/aimo/amr_ws/install/my_slam', 'merge_install': False, 'path': '/home/aimo/amr_ws/src/my_slam', 'symlink_install': False, 'test_result_base': None}
[0.295s] Level 5:colcon.colcon_core.verb:set package 'isaac_ros_occupancy_grid_localizer' build argument 'cmake_args' from command line to 'None'
[0.295s] Level 5:colcon.colcon_core.verb:set package 'isaac_ros_occupancy_grid_localizer' build argument 'cmake_target' from command line to 'None'
[0.295s] Level 5:colcon.colcon_core.verb:set package 'isaac_ros_occupancy_grid_localizer' build argument 'cmake_target_skip_unavailable' from command line to 'False'
[0.295s] Level 5:colcon.colcon_core.verb:set package 'isaac_ros_occupancy_grid_localizer' build argument 'cmake_clean_cache' from command line to 'False'
[0.295s] Level 5:colcon.colcon_core.verb:set package 'isaac_ros_occupancy_grid_localizer' build argument 'cmake_clean_first' from command line to 'False'
[0.295s] Level 5:colcon.colcon_core.verb:set package 'isaac_ros_occupancy_grid_localizer' build argument 'cmake_force_configure' from command line to 'False'
[0.295s] Level 5:colcon.colcon_core.verb:set package 'isaac_ros_occupancy_grid_localizer' build argument 'ament_cmake_args' from command line to 'None'
[0.295s] Level 5:colcon.colcon_core.verb:set package 'isaac_ros_occupancy_grid_localizer' build argument 'catkin_cmake_args' from command line to 'None'
[0.295s] Level 5:colcon.colcon_core.verb:set package 'isaac_ros_occupancy_grid_localizer' build argument 'catkin_skip_building_tests' from command line to 'False'
[0.295s] DEBUG:colcon.colcon_core.verb:Building package 'isaac_ros_occupancy_grid_localizer' with the following arguments: {'ament_cmake_args': None, 'build_base': '/home/aimo/amr_ws/build/isaac_ros_occupancy_grid_localizer', 'catkin_cmake_args': None, 'catkin_skip_building_tests': False, 'cmake_args': None, 'cmake_clean_cache': False, 'cmake_clean_first': False, 'cmake_force_configure': False, 'cmake_target': None, 'cmake_target_skip_unavailable': False, 'install_base': '/home/aimo/amr_ws/install/isaac_ros_occupancy_grid_localizer', 'merge_install': False, 'path': '/home/aimo/amr_ws/src/isaac_ros_map_localization/isaac_ros_occupancy_grid_localizer', 'symlink_install': False, 'test_result_base': None}
[0.296s] INFO:colcon.colcon_core.executor:Executing jobs using 'parallel' executor
[0.297s] DEBUG:colcon.colcon_parallel_executor.executor.parallel:run_until_complete
[0.297s] INFO:colcon.colcon_ros.task.ament_cmake.build:Building ROS package in '/home/aimo/amr_ws/src/isaac_ros_map_localization/isaac_ros_pointcloud_utils' with build type 'ament_cmake'
[0.297s] INFO:colcon.colcon_cmake.task.cmake.build:Building CMake package in '/home/aimo/amr_ws/src/isaac_ros_map_localization/isaac_ros_pointcloud_utils'
[0.299s] INFO:colcon.colcon_core.plugin_system:Skipping extension 'colcon_core.shell.bat': Not used on non-Windows systems
[0.299s] INFO:colcon.colcon_core.shell:Skip shell extension 'powershell' for command environment: Not usable outside of PowerShell
[0.299s] DEBUG:colcon.colcon_core.shell:Skip shell extension 'dsv' for command environment
[0.301s] INFO:colcon.colcon_ros.task.ament_cmake.build:Building ROS package in '/home/aimo/amr_ws/src/ackermann_control/cmdvel_to_ackermann' with build type 'ament_cmake'
[0.301s] INFO:colcon.colcon_cmake.task.cmake.build:Building CMake package in '/home/aimo/amr_ws/src/ackermann_control/cmdvel_to_ackermann'
[0.301s] INFO:colcon.colcon_core.shell:Skip shell extension 'powershell' for command environment: Not usable outside of PowerShell
[0.301s] DEBUG:colcon.colcon_core.shell:Skip shell extension 'dsv' for command environment
[0.303s] INFO:colcon.colcon_ros.task.ament_cmake.build:Building ROS package in '/home/aimo/amr_ws/src/my_slam' with build type 'ament_cmake'
[0.303s] INFO:colcon.colcon_cmake.task.cmake.build:Building CMake package in '/home/aimo/amr_ws/src/my_slam'
[0.303s] INFO:colcon.colcon_core.shell:Skip shell extension 'powershell' for command environment: Not usable outside of PowerShell
[0.303s] DEBUG:colcon.colcon_core.shell:Skip shell extension 'dsv' for command environment
[0.307s] DEBUG:colcon.colcon_core.event_handler.log_command:Invoking command in '/home/aimo/amr_ws/build/isaac_ros_pointcloud_utils': CMAKE_PREFIX_PATH=${CMAKE_PREFIX_PATH}:/opt/ros/humble /usr/bin/cmake /home/aimo/amr_ws/src/isaac_ros_map_localization/isaac_ros_pointcloud_utils -DCMAKE_INSTALL_PREFIX=/home/aimo/amr_ws/install/isaac_ros_pointcloud_utils
[0.310s] DEBUG:colcon.colcon_core.event_handler.log_command:Invoking command in '/home/aimo/amr_ws/build/cmdvel_to_ackermann': CMAKE_PREFIX_PATH=${CMAKE_PREFIX_PATH}:/opt/ros/humble /usr/bin/cmake --build /home/aimo/amr_ws/build/cmdvel_to_ackermann -- -j20 -l20
[0.312s] DEBUG:colcon.colcon_core.event_handler.log_command:Invoking command in '/home/aimo/amr_ws/build/my_slam': CMAKE_PREFIX_PATH=${CMAKE_PREFIX_PATH}:/opt/ros/humble /usr/bin/cmake --build /home/aimo/amr_ws/build/my_slam -- -j20 -l20
[0.331s] DEBUG:colcon.colcon_core.event_handler.log_command:Invoked command in '/home/aimo/amr_ws/build/my_slam' returned '0': CMAKE_PREFIX_PATH=${CMAKE_PREFIX_PATH}:/opt/ros/humble /usr/bin/cmake --build /home/aimo/amr_ws/build/my_slam -- -j20 -l20
[0.336s] DEBUG:colcon.colcon_core.event_handler.log_command:Invoking command in '/home/aimo/amr_ws/build/my_slam': CMAKE_PREFIX_PATH=${CMAKE_PREFIX_PATH}:/opt/ros/humble /usr/bin/cmake --install /home/aimo/amr_ws/build/my_slam
[0.337s] DEBUG:colcon.colcon_core.event_handler.log_command:Invoked command in '/home/aimo/amr_ws/build/cmdvel_to_ackermann' returned '0': CMAKE_PREFIX_PATH=${CMAKE_PREFIX_PATH}:/opt/ros/humble /usr/bin/cmake --build /home/aimo/amr_ws/build/cmdvel_to_ackermann -- -j20 -l20
[0.339s] DEBUG:colcon.colcon_core.event_handler.log_command:Invoking command in '/home/aimo/amr_ws/build/cmdvel_to_ackermann': CMAKE_PREFIX_PATH=${CMAKE_PREFIX_PATH}:/opt/ros/humble /usr/bin/cmake --install /home/aimo/amr_ws/build/cmdvel_to_ackermann
[0.343s] Level 1:colcon.colcon_core.environment:create_environment_scripts_only(my_slam)
[0.344s] DEBUG:colcon.colcon_core.event_handler.log_command:Invoked command in '/home/aimo/amr_ws/build/my_slam' returned '0': CMAKE_PREFIX_PATH=${CMAKE_PREFIX_PATH}:/opt/ros/humble /usr/bin/cmake --install /home/aimo/amr_ws/build/my_slam
[0.346s] Level 1:colcon.colcon_core.environment:checking '/home/aimo/amr_ws/install/my_slam' for CMake module files
[0.346s] Level 1:colcon.colcon_core.environment:checking '/home/aimo/amr_ws/install/my_slam' for CMake config files
[0.346s] Level 1:colcon.colcon_core.shell:create_environment_hook('my_slam', 'cmake_prefix_path')
[0.347s] INFO:colcon.colcon_core.shell:Creating environment hook '/home/aimo/amr_ws/install/my_slam/share/my_slam/hook/cmake_prefix_path.ps1'
[0.347s] INFO:colcon.colcon_core.shell:Creating environment descriptor '/home/aimo/amr_ws/install/my_slam/share/my_slam/hook/cmake_prefix_path.dsv'
[0.347s] INFO:colcon.colcon_core.shell:Creating environment hook '/home/aimo/amr_ws/install/my_slam/share/my_slam/hook/cmake_prefix_path.sh'
[0.348s] Level 1:colcon.colcon_core.environment:checking '/home/aimo/amr_ws/install/my_slam/bin'
[0.348s] Level 1:colcon.colcon_core.environment:checking '/home/aimo/amr_ws/install/my_slam/lib/pkgconfig/my_slam.pc'
[0.348s] Level 1:colcon.colcon_core.environment:checking '/home/aimo/amr_ws/install/my_slam/lib/python3.10/site-packages'
[0.348s] Level 1:colcon.colcon_core.environment:checking '/home/aimo/amr_ws/install/my_slam/bin'
[0.348s] INFO:colcon.colcon_core.shell:Creating package script '/home/aimo/amr_ws/install/my_slam/share/my_slam/package.ps1'
[0.348s] INFO:colcon.colcon_core.shell:Creating package descriptor '/home/aimo/amr_ws/install/my_slam/share/my_slam/package.dsv'
[0.348s] INFO:colcon.colcon_core.shell:Creating package script '/home/aimo/amr_ws/install/my_slam/share/my_slam/package.sh'
[0.349s] INFO:colcon.colcon_core.shell:Creating package script '/home/aimo/amr_ws/install/my_slam/share/my_slam/package.bash'
[0.349s] INFO:colcon.colcon_core.shell:Creating package script '/home/aimo/amr_ws/install/my_slam/share/my_slam/package.zsh'
[0.349s] Level 1:colcon.colcon_core.environment:create_file_with_runtime_dependencies(/home/aimo/amr_ws/install/my_slam/share/colcon-core/packages/my_slam)
[0.349s] Level 1:colcon.colcon_core.environment:create_environment_scripts_only(my_slam)
[0.349s] Level 1:colcon.colcon_core.environment:checking '/home/aimo/amr_ws/install/my_slam' for CMake module files
[0.350s] Level 1:colcon.colcon_core.environment:checking '/home/aimo/amr_ws/install/my_slam' for CMake config files
[0.350s] Level 1:colcon.colcon_core.shell:create_environment_hook('my_slam', 'cmake_prefix_path')
[0.350s] INFO:colcon.colcon_core.shell:Creating environment hook '/home/aimo/amr_ws/install/my_slam/share/my_slam/hook/cmake_prefix_path.ps1'
[0.350s] INFO:colcon.colcon_core.shell:Creating environment descriptor '/home/aimo/amr_ws/install/my_slam/share/my_slam/hook/cmake_prefix_path.dsv'
[0.350s] INFO:colcon.colcon_core.shell:Creating environment hook '/home/aimo/amr_ws/install/my_slam/share/my_slam/hook/cmake_prefix_path.sh'
[0.350s] Level 1:colcon.colcon_core.environment:checking '/home/aimo/amr_ws/install/my_slam/bin'
[0.350s] Level 1:colcon.colcon_core.environment:checking '/home/aimo/amr_ws/install/my_slam/lib/pkgconfig/my_slam.pc'
[0.350s] Level 1:colcon.colcon_core.environment:checking '/home/aimo/amr_ws/install/my_slam/lib/python3.10/site-packages'
[0.350s] Level 1:colcon.colcon_core.environment:checking '/home/aimo/amr_ws/install/my_slam/bin'
[0.351s] INFO:colcon.colcon_core.shell:Creating package script '/home/aimo/amr_ws/install/my_slam/share/my_slam/package.ps1'
[0.351s] INFO:colcon.colcon_core.shell:Creating package descriptor '/home/aimo/amr_ws/install/my_slam/share/my_slam/package.dsv'
[0.351s] INFO:colcon.colcon_core.shell:Creating package script '/home/aimo/amr_ws/install/my_slam/share/my_slam/package.sh'
[0.351s] INFO:colcon.colcon_core.shell:Creating package script '/home/aimo/amr_ws/install/my_slam/share/my_slam/package.bash'
[0.351s] INFO:colcon.colcon_core.shell:Creating package script '/home/aimo/amr_ws/install/my_slam/share/my_slam/package.zsh'
[0.351s] Level 1:colcon.colcon_core.environment:create_file_with_runtime_dependencies(/home/aimo/amr_ws/install/my_slam/share/colcon-core/packages/my_slam)
[0.352s] Level 1:colcon.colcon_core.environment:create_environment_scripts_only(cmdvel_to_ackermann)
[0.352s] Level 1:colcon.colcon_core.environment:checking '/home/aimo/amr_ws/install/cmdvel_to_ackermann' for CMake module files
[0.352s] DEBUG:colcon.colcon_core.event_handler.log_command:Invoked command in '/home/aimo/amr_ws/build/cmdvel_to_ackermann' returned '0': CMAKE_PREFIX_PATH=${CMAKE_PREFIX_PATH}:/opt/ros/humble /usr/bin/cmake --install /home/aimo/amr_ws/build/cmdvel_to_ackermann
[0.352s] Level 1:colcon.colcon_core.environment:checking '/home/aimo/amr_ws/install/cmdvel_to_ackermann' for CMake config files
[0.353s] Level 1:colcon.colcon_core.shell:create_environment_hook('cmdvel_to_ackermann', 'cmake_prefix_path')
[0.353s] INFO:colcon.colcon_core.shell:Creating environment hook '/home/aimo/amr_ws/install/cmdvel_to_ackermann/share/cmdvel_to_ackermann/hook/cmake_prefix_path.ps1'
[0.353s] INFO:colcon.colcon_core.shell:Creating environment descriptor '/home/aimo/amr_ws/install/cmdvel_to_ackermann/share/cmdvel_to_ackermann/hook/cmake_prefix_path.dsv'
[0.353s] INFO:colcon.colcon_core.shell:Creating environment hook '/home/aimo/amr_ws/install/cmdvel_to_ackermann/share/cmdvel_to_ackermann/hook/cmake_prefix_path.sh'
[0.353s] Level 1:colcon.colcon_core.environment:checking '/home/aimo/amr_ws/install/cmdvel_to_ackermann/lib'
[0.353s] Level 1:colcon.colcon_core.environment:checking '/home/aimo/amr_ws/install/cmdvel_to_ackermann/bin'
[0.353s] Level 1:colcon.colcon_core.environment:checking '/home/aimo/amr_ws/install/cmdvel_to_ackermann/lib/pkgconfig/cmdvel_to_ackermann.pc'
[0.353s] Level 1:colcon.colcon_core.environment:checking '/home/aimo/amr_ws/install/cmdvel_to_ackermann/lib/python3.10/site-packages'
[0.354s] Level 1:colcon.colcon_core.environment:checking '/home/aimo/amr_ws/install/cmdvel_to_ackermann/bin'
[0.354s] INFO:colcon.colcon_core.shell:Creating package script '/home/aimo/amr_ws/install/cmdvel_to_ackermann/share/cmdvel_to_ackermann/package.ps1'
[0.354s] INFO:colcon.colcon_core.shell:Creating package descriptor '/home/aimo/amr_ws/install/cmdvel_to_ackermann/share/cmdvel_to_ackermann/package.dsv'
[0.354s] INFO:colcon.colcon_core.shell:Creating package script '/home/aimo/amr_ws/install/cmdvel_to_ackermann/share/cmdvel_to_ackermann/package.sh'
[0.354s] INFO:colcon.colcon_core.shell:Creating package script '/home/aimo/amr_ws/install/cmdvel_to_ackermann/share/cmdvel_to_ackermann/package.bash'
[0.354s] INFO:colcon.colcon_core.shell:Creating package script '/home/aimo/amr_ws/install/cmdvel_to_ackermann/share/cmdvel_to_ackermann/package.zsh'
[0.354s] Level 1:colcon.colcon_core.environment:create_file_with_runtime_dependencies(/home/aimo/amr_ws/install/cmdvel_to_ackermann/share/colcon-core/packages/cmdvel_to_ackermann)
[0.355s] Level 1:colcon.colcon_core.environment:create_environment_scripts_only(cmdvel_to_ackermann)
[0.355s] Level 1:colcon.colcon_core.environment:checking '/home/aimo/amr_ws/install/cmdvel_to_ackermann' for CMake module files
[0.355s] Level 1:colcon.colcon_core.environment:checking '/home/aimo/amr_ws/install/cmdvel_to_ackermann' for CMake config files
[0.355s] Level 1:colcon.colcon_core.shell:create_environment_hook('cmdvel_to_ackermann', 'cmake_prefix_path')
[0.355s] INFO:colcon.colcon_core.shell:Creating environment hook '/home/aimo/amr_ws/install/cmdvel_to_ackermann/share/cmdvel_to_ackermann/hook/cmake_prefix_path.ps1'
[0.355s] INFO:colcon.colcon_core.shell:Creating environment descriptor '/home/aimo/amr_ws/install/cmdvel_to_ackermann/share/cmdvel_to_ackermann/hook/cmake_prefix_path.dsv'
[0.355s] INFO:colcon.colcon_core.shell:Creating environment hook '/home/aimo/amr_ws/install/cmdvel_to_ackermann/share/cmdvel_to_ackermann/hook/cmake_prefix_path.sh'
[0.355s] Level 1:colcon.colcon_core.environment:checking '/home/aimo/amr_ws/install/cmdvel_to_ackermann/lib'
[0.355s] Level 1:colcon.colcon_core.environment:checking '/home/aimo/amr_ws/install/cmdvel_to_ackermann/bin'
[0.355s] Level 1:colcon.colcon_core.environment:checking '/home/aimo/amr_ws/install/cmdvel_to_ackermann/lib/pkgconfig/cmdvel_to_ackermann.pc'
[0.355s] Level 1:colcon.colcon_core.environment:checking '/home/aimo/amr_ws/install/cmdvel_to_ackermann/lib/python3.10/site-packages'
[0.356s] Level 1:colcon.colcon_core.environment:checking '/home/aimo/amr_ws/install/cmdvel_to_ackermann/bin'
[0.356s] INFO:colcon.colcon_core.shell:Creating package script '/home/aimo/amr_ws/install/cmdvel_to_ackermann/share/cmdvel_to_ackermann/package.ps1'
[0.356s] INFO:colcon.colcon_core.shell:Creating package descriptor '/home/aimo/amr_ws/install/cmdvel_to_ackermann/share/cmdvel_to_ackermann/package.dsv'
[0.356s] INFO:colcon.colcon_core.shell:Creating package script '/home/aimo/amr_ws/install/cmdvel_to_ackermann/share/cmdvel_to_ackermann/package.sh'
[0.356s] INFO:colcon.colcon_core.shell:Creating package script '/home/aimo/amr_ws/install/cmdvel_to_ackermann/share/cmdvel_to_ackermann/package.bash'
[0.356s] INFO:colcon.colcon_core.shell:Creating package script '/home/aimo/amr_ws/install/cmdvel_to_ackermann/share/cmdvel_to_ackermann/package.zsh'
[0.356s] Level 1:colcon.colcon_core.environment:create_file_with_runtime_dependencies(/home/aimo/amr_ws/install/cmdvel_to_ackermann/share/colcon-core/packages/cmdvel_to_ackermann)
[1.137s] DEBUG:colcon.colcon_core.event_handler.log_command:Invoked command in '/home/aimo/amr_ws/build/isaac_ros_pointcloud_utils' returned '1': CMAKE_PREFIX_PATH=${CMAKE_PREFIX_PATH}:/opt/ros/humble /usr/bin/cmake /home/aimo/amr_ws/src/isaac_ros_map_localization/isaac_ros_pointcloud_utils -DCMAKE_INSTALL_PREFIX=/home/aimo/amr_ws/install/isaac_ros_pointcloud_utils
[1.143s] Level 1:colcon.colcon_core.environment:create_environment_scripts_only(isaac_ros_pointcloud_utils)
[1.144s] Level 1:colcon.colcon_core.environment:checking '/home/aimo/amr_ws/install/isaac_ros_pointcloud_utils' for CMake module files
[1.144s] Level 1:colcon.colcon_core.environment:checking '/home/aimo/amr_ws/install/isaac_ros_pointcloud_utils' for CMake config files
[1.144s] Level 1:colcon.colcon_core.environment:checking '/home/aimo/amr_ws/install/isaac_ros_pointcloud_utils/bin'
[1.144s] Level 1:colcon.colcon_core.environment:checking '/home/aimo/amr_ws/install/isaac_ros_pointcloud_utils/lib/pkgconfig/isaac_ros_pointcloud_utils.pc'
[1.144s] Level 1:colcon.colcon_core.environment:checking '/home/aimo/amr_ws/install/isaac_ros_pointcloud_utils/lib/python3.10/site-packages'
[1.144s] Level 1:colcon.colcon_core.environment:checking '/home/aimo/amr_ws/install/isaac_ros_pointcloud_utils/bin'
[1.144s] INFO:colcon.colcon_core.shell:Creating package script '/home/aimo/amr_ws/install/isaac_ros_pointcloud_utils/share/isaac_ros_pointcloud_utils/package.ps1'
[1.144s] INFO:colcon.colcon_core.shell:Creating package descriptor '/home/aimo/amr_ws/install/isaac_ros_pointcloud_utils/share/isaac_ros_pointcloud_utils/package.dsv'
[1.145s] INFO:colcon.colcon_core.shell:Creating package script '/home/aimo/amr_ws/install/isaac_ros_pointcloud_utils/share/isaac_ros_pointcloud_utils/package.sh'
[1.145s] INFO:colcon.colcon_core.shell:Creating package script '/home/aimo/amr_ws/install/isaac_ros_pointcloud_utils/share/isaac_ros_pointcloud_utils/package.bash'
[1.145s] INFO:colcon.colcon_core.shell:Creating package script '/home/aimo/amr_ws/install/isaac_ros_pointcloud_utils/share/isaac_ros_pointcloud_utils/package.zsh'
[1.145s] Level 1:colcon.colcon_core.environment:create_file_with_runtime_dependencies(/home/aimo/amr_ws/install/isaac_ros_pointcloud_utils/share/colcon-core/packages/isaac_ros_pointcloud_utils)
[1.156s] DEBUG:colcon.colcon_parallel_executor.executor.parallel:closing loop
[1.156s] DEBUG:colcon.colcon_parallel_executor.executor.parallel:loop closed
[1.156s] DEBUG:colcon.colcon_parallel_executor.executor.parallel:run_until_complete finished with '1'
[1.157s] DEBUG:colcon.colcon_core.event_reactor:joining thread
[1.167s] INFO:colcon.colcon_core.plugin_system:Skipping extension 'colcon_notification.desktop_notification.terminal_notifier': Not used on non-Darwin systems
[1.167s] INFO:colcon.colcon_core.plugin_system:Skipping extension 'colcon_notification.desktop_notification.win32': Not used on non-Windows systems
[1.167s] INFO:colcon.colcon_notification.desktop_notification:Sending desktop notification using 'notify2'
[1.176s] DEBUG:colcon.colcon_core.event_reactor:joined thread
[1.176s] INFO:colcon.colcon_core.shell:Creating prefix script '/home/aimo/amr_ws/install/local_setup.ps1'
[1.177s] INFO:colcon.colcon_core.shell:Creating prefix util module '/home/aimo/amr_ws/install/_local_setup_util_ps1.py'
[1.178s] INFO:colcon.colcon_core.shell:Creating prefix chain script '/home/aimo/amr_ws/install/setup.ps1'
[1.179s] INFO:colcon.colcon_core.shell:Creating prefix script '/home/aimo/amr_ws/install/local_setup.sh'
[1.180s] INFO:colcon.colcon_core.shell:Creating prefix util module '/home/aimo/amr_ws/install/_local_setup_util_sh.py'
[1.180s] INFO:colcon.colcon_core.shell:Creating prefix chain script '/home/aimo/amr_ws/install/setup.sh'
[1.181s] INFO:colcon.colcon_core.shell:Creating prefix script '/home/aimo/amr_ws/install/local_setup.bash'
[1.182s] INFO:colcon.colcon_core.shell:Creating prefix chain script '/home/aimo/amr_ws/install/setup.bash'
[1.182s] INFO:colcon.colcon_core.shell:Creating prefix script '/home/aimo/amr_ws/install/local_setup.zsh'
[1.183s] INFO:colcon.colcon_core.shell:Creating prefix chain script '/home/aimo/amr_ws/install/setup.zsh'
