[0.006s] Invoking command in '/home/aimo/amr_ws/build/cmdvel_to_ackermann': CMAKE_PREFIX_PATH=/opt/ros/humble /usr/bin/cmake /home/aimo/amr_ws/src/ackermann_control/cmdvel_to_ackermann -DCMAKE_INSTALL_PREFIX=/home/aimo/amr_ws/install/cmdvel_to_ackermann
[0.032s] -- The C compiler identification is GNU 11.4.0
[0.058s] -- The CXX compiler identification is GNU 11.4.0
[0.062s] -- Detecting C compiler ABI info
[0.095s] -- Detecting C compiler ABI info - done
[0.098s] -- Check for working C compiler: /usr/bin/cc - skipped
[0.098s] -- Detecting C compile features
[0.098s] -- Detecting C compile features - done
[0.100s] -- Detecting CXX compiler ABI info
[0.141s] -- Detecting CXX compiler ABI info - done
[0.144s] -- Check for working CXX compiler: /usr/bin/c++ - skipped
[0.144s] -- Detecting CXX compile features
[0.144s] -- Detecting CXX compile features - done
[0.146s] -- Found ament_cmake: 1.3.11 (/opt/ros/humble/share/ament_cmake/cmake)
[0.217s] -- Found Python3: /usr/bin/python3 (found version "3.10.12") found components: Interpreter 
[0.255s] -- Found rclpy: 3.3.16 (/opt/ros/humble/share/rclpy/cmake)
[0.256s] -- Found ackermann_msgs: 2.0.2 (/opt/ros/humble/share/ackermann_msgs/cmake)
[0.271s] -- Found rosidl_generator_c: 3.1.6 (/opt/ros/humble/share/rosidl_generator_c/cmake)
[0.273s] -- Found rosidl_adapter: 3.1.6 (/opt/ros/humble/share/rosidl_adapter/cmake)
[0.276s] -- Found rosidl_generator_cpp: 3.1.6 (/opt/ros/humble/share/rosidl_generator_cpp/cmake)
[0.281s] -- Using all available rosidl_typesupport_c: rosidl_typesupport_fastrtps_c;rosidl_typesupport_introspection_c
[0.288s] -- Using all available rosidl_typesupport_cpp: rosidl_typesupport_fastrtps_cpp;rosidl_typesupport_introspection_cpp
[0.304s] -- Found geometry_msgs: 4.9.0 (/opt/ros/humble/share/geometry_msgs/cmake)
[0.337s] -- Configuring done
[0.339s] -- Generating done
[0.339s] -- Build files have been written to: /home/aimo/amr_ws/build/cmdvel_to_ackermann
[0.343s] Invoked command in '/home/aimo/amr_ws/build/cmdvel_to_ackermann' returned '0': CMAKE_PREFIX_PATH=/opt/ros/humble /usr/bin/cmake /home/aimo/amr_ws/src/ackermann_control/cmdvel_to_ackermann -DCMAKE_INSTALL_PREFIX=/home/aimo/amr_ws/install/cmdvel_to_ackermann
[0.343s] Invoking command in '/home/aimo/amr_ws/build/cmdvel_to_ackermann': CMAKE_PREFIX_PATH=/opt/ros/humble /usr/bin/cmake --build /home/aimo/amr_ws/build/cmdvel_to_ackermann -- -j20 -l20
[0.363s] Invoked command in '/home/aimo/amr_ws/build/cmdvel_to_ackermann' returned '0': CMAKE_PREFIX_PATH=/opt/ros/humble /usr/bin/cmake --build /home/aimo/amr_ws/build/cmdvel_to_ackermann -- -j20 -l20
[0.363s] Invoking command in '/home/aimo/amr_ws/build/cmdvel_to_ackermann': CMAKE_PREFIX_PATH=/opt/ros/humble /usr/bin/cmake --install /home/aimo/amr_ws/build/cmdvel_to_ackermann
[0.367s] -- Install configuration: ""
[0.367s] -- Installing: /home/aimo/amr_ws/install/cmdvel_to_ackermann/share/cmdvel_to_ackermann/scripts
[0.367s] -- Installing: /home/aimo/amr_ws/install/cmdvel_to_ackermann/share/cmdvel_to_ackermann/scripts/cmdvel_to_ackermann.py
[0.367s] -- Installing: /home/aimo/amr_ws/install/cmdvel_to_ackermann/share/cmdvel_to_ackermann/scripts/__init__.py
[0.367s] -- Installing: /home/aimo/amr_ws/install/cmdvel_to_ackermann/share/cmdvel_to_ackermann/launch
[0.367s] -- Installing: /home/aimo/amr_ws/install/cmdvel_to_ackermann/share/cmdvel_to_ackermann/launch/cmdvel_to_ackermann.launch.py
[0.367s] -- Installing: /home/aimo/amr_ws/install/cmdvel_to_ackermann/lib/cmdvel_to_ackermann/cmdvel_to_ackermann.py
[0.367s] -- Installing: /home/aimo/amr_ws/install/cmdvel_to_ackermann/share/ament_index/resource_index/package_run_dependencies/cmdvel_to_ackermann
[0.367s] -- Installing: /home/aimo/amr_ws/install/cmdvel_to_ackermann/share/ament_index/resource_index/parent_prefix_path/cmdvel_to_ackermann
[0.367s] -- Installing: /home/aimo/amr_ws/install/cmdvel_to_ackermann/share/cmdvel_to_ackermann/environment/ament_prefix_path.sh
[0.367s] -- Installing: /home/aimo/amr_ws/install/cmdvel_to_ackermann/share/cmdvel_to_ackermann/environment/ament_prefix_path.dsv
[0.367s] -- Installing: /home/aimo/amr_ws/install/cmdvel_to_ackermann/share/cmdvel_to_ackermann/environment/path.sh
[0.367s] -- Installing: /home/aimo/amr_ws/install/cmdvel_to_ackermann/share/cmdvel_to_ackermann/environment/path.dsv
[0.367s] -- Installing: /home/aimo/amr_ws/install/cmdvel_to_ackermann/share/cmdvel_to_ackermann/local_setup.bash
[0.367s] -- Installing: /home/aimo/amr_ws/install/cmdvel_to_ackermann/share/cmdvel_to_ackermann/local_setup.sh
[0.367s] -- Installing: /home/aimo/amr_ws/install/cmdvel_to_ackermann/share/cmdvel_to_ackermann/local_setup.zsh
[0.367s] -- Installing: /home/aimo/amr_ws/install/cmdvel_to_ackermann/share/cmdvel_to_ackermann/local_setup.dsv
[0.367s] -- Installing: /home/aimo/amr_ws/install/cmdvel_to_ackermann/share/cmdvel_to_ackermann/package.dsv
[0.367s] -- Installing: /home/aimo/amr_ws/install/cmdvel_to_ackermann/share/ament_index/resource_index/packages/cmdvel_to_ackermann
[0.367s] -- Installing: /home/aimo/amr_ws/install/cmdvel_to_ackermann/share/cmdvel_to_ackermann/cmake/cmdvel_to_ackermannConfig.cmake
[0.367s] -- Installing: /home/aimo/amr_ws/install/cmdvel_to_ackermann/share/cmdvel_to_ackermann/cmake/cmdvel_to_ackermannConfig-version.cmake
[0.367s] -- Installing: /home/aimo/amr_ws/install/cmdvel_to_ackermann/share/cmdvel_to_ackermann/package.xml
[0.368s] Invoked command in '/home/aimo/amr_ws/build/cmdvel_to_ackermann' returned '0': CMAKE_PREFIX_PATH=/opt/ros/humble /usr/bin/cmake --install /home/aimo/amr_ws/build/cmdvel_to_ackermann
