[0.130s] Invoking command in '/home/aimo/amr_ws/build/my_slam': CMAKE_PREFIX_PATH=${CMAKE_PREFIX_PATH}:/home/aimo/amr_ws/install/ackermann_control:/home/aimo/livox_ws/install/point_cloud_convertor:/opt/ros/humble /usr/bin/cmake --build /home/aimo/amr_ws/build/my_slam -- -j20 -l20
[0.155s] Invoked command in '/home/aimo/amr_ws/build/my_slam' returned '0': CMAKE_PREFIX_PATH=${CMAKE_PREFIX_PATH}:/home/aimo/amr_ws/install/ackermann_control:/home/aimo/livox_ws/install/point_cloud_convertor:/opt/ros/humble /usr/bin/cmake --build /home/aimo/amr_ws/build/my_slam -- -j20 -l20
[0.157s] Invoking command in '/home/aimo/amr_ws/build/my_slam': CMAKE_PREFIX_PATH=${CMAKE_PREFIX_PATH}:/home/aimo/amr_ws/install/ackermann_control:/home/aimo/livox_ws/install/point_cloud_convertor:/opt/ros/humble /usr/bin/cmake --install /home/aimo/amr_ws/build/my_slam
[0.162s] -- Install configuration: ""
[0.162s] -- Up-to-date: /home/aimo/amr_ws/install/my_slam/share/my_slam/behavior_tree
[0.162s] -- Up-to-date: /home/aimo/amr_ws/install/my_slam/share/my_slam/behavior_tree/bt_to_pose.xml
[0.162s] -- Up-to-date: /home/aimo/amr_ws/install/my_slam/share/my_slam/behavior_tree/bt_through_poses.xml
[0.162s] -- Up-to-date: /home/aimo/amr_ws/install/my_slam/share/my_slam/launch
[0.162s] -- Up-to-date: /home/aimo/amr_ws/install/my_slam/share/my_slam/launch/cmdvel_to_ackermann.launch.py
[0.162s] -- Up-to-date: /home/aimo/amr_ws/install/my_slam/share/my_slam/launch/my_amr_navigation.launch.py
[0.162s] -- Up-to-date: /home/aimo/amr_ws/install/my_slam/share/my_slam/launch/slam_mapping.launch.py
[0.162s] -- Up-to-date: /home/aimo/amr_ws/install/my_slam/share/my_slam/launch/new_map.launch.py
[0.162s] -- Up-to-date: /home/aimo/amr_ws/install/my_slam/share/my_slam/params
[0.162s] -- Up-to-date: /home/aimo/amr_ws/install/my_slam/share/my_slam/params/load_map.yaml
[0.162s] -- Up-to-date: /home/aimo/amr_ws/install/my_slam/share/my_slam/params/my_amr_param.yaml
[0.162s] -- Up-to-date: /home/aimo/amr_ws/install/my_slam/share/my_slam/params/carter_navigation_params.yaml
[0.162s] -- Up-to-date: /home/aimo/amr_ws/install/my_slam/share/my_slam/maps
[0.162s] -- Up-to-date: /home/aimo/amr_ws/install/my_slam/share/my_slam/maps/carter_warehouse_navigation.pmg
[0.162s] -- Up-to-date: /home/aimo/amr_ws/install/my_slam/share/my_slam/maps/carter_warehouse_navigation.yaml
[0.162s] -- Up-to-date: /home/aimo/amr_ws/install/my_slam/share/my_slam/maps/carter_warehouse_navigation.png
[0.162s] -- Up-to-date: /home/aimo/amr_ws/install/my_slam/share/my_slam/rviz2
[0.162s] -- Up-to-date: /home/aimo/amr_ws/install/my_slam/share/my_slam/rviz2/carter_navigation.rviz
[0.162s] -- Up-to-date: /home/aimo/amr_ws/install/my_slam/share/my_slam/rviz2/carter_navigation_namespaced.rviz
[0.162s] -- Up-to-date: /home/aimo/amr_ws/install/my_slam/share/my_slam/rviz2/my_navigation.rviz
[0.162s] -- Up-to-date: /home/aimo/amr_ws/install/my_slam/share/my_slam/rviz2/mapping.rviz
[0.162s] -- Up-to-date: /home/aimo/amr_ws/install/my_slam/share/my_slam/config
[0.162s] -- Up-to-date: /home/aimo/amr_ws/install/my_slam/share/my_slam/config/mapper_params_online_async.yaml
[0.162s] -- Up-to-date: /home/aimo/amr_ws/install/my_slam/share/my_slam/config/amcl.yaml
[0.162s] -- Up-to-date: /home/aimo/amr_ws/install/my_slam/share/my_slam/config/mapper_params_online_async_carter.yaml
[0.162s] -- Installing: /home/aimo/amr_ws/install/my_slam/share/my_slam/config/new_map_config.yaml
[0.162s] -- Up-to-date: /home/aimo/amr_ws/install/my_slam/share/my_slam/samples
[0.162s] -- Up-to-date: /home/aimo/amr_ws/install/my_slam/share/my_slam/samples/carter_navigation.launch.py
[0.162s] -- Up-to-date: /home/aimo/amr_ws/install/my_slam/share/my_slam/samples/point_cloud_to_scan.launch.py
[0.162s] -- Up-to-date: /home/aimo/amr_ws/install/my_slam/share/my_slam/samples/bringup_launch.py
[0.162s] -- Up-to-date: /home/aimo/amr_ws/install/my_slam/share/my_slam/samples/nav2.launch.py
[0.162s] -- Up-to-date: /home/aimo/amr_ws/install/my_slam/share/my_slam/usd
[0.162s] -- Up-to-date: /home/aimo/amr_ws/install/my_slam/share/my_slam/usd/amr_map.usd
[0.162s] -- Up-to-date: /home/aimo/amr_ws/install/my_slam/share/my_slam/usd/nova_carter.usd
[0.162s] -- Up-to-date: /home/aimo/amr_ws/install/my_slam/share/my_slam/usd/ackman_new.usd
[0.162s] -- Up-to-date: /home/aimo/amr_ws/install/my_slam/share/my_slam/usd/ackermann_vely.usd
[0.162s] -- Up-to-date: /home/aimo/amr_ws/install/my_slam/share/ament_index/resource_index/package_run_dependencies/my_slam
[0.162s] -- Up-to-date: /home/aimo/amr_ws/install/my_slam/share/ament_index/resource_index/parent_prefix_path/my_slam
[0.163s] -- Up-to-date: /home/aimo/amr_ws/install/my_slam/share/my_slam/environment/ament_prefix_path.sh
[0.163s] -- Up-to-date: /home/aimo/amr_ws/install/my_slam/share/my_slam/environment/ament_prefix_path.dsv
[0.163s] -- Up-to-date: /home/aimo/amr_ws/install/my_slam/share/my_slam/environment/path.sh
[0.163s] -- Up-to-date: /home/aimo/amr_ws/install/my_slam/share/my_slam/environment/path.dsv
[0.163s] -- Up-to-date: /home/aimo/amr_ws/install/my_slam/share/my_slam/local_setup.bash
[0.163s] -- Up-to-date: /home/aimo/amr_ws/install/my_slam/share/my_slam/local_setup.sh
[0.163s] -- Up-to-date: /home/aimo/amr_ws/install/my_slam/share/my_slam/local_setup.zsh
[0.163s] -- Up-to-date: /home/aimo/amr_ws/install/my_slam/share/my_slam/local_setup.dsv
[0.164s] -- Installing: /home/aimo/amr_ws/install/my_slam/share/my_slam/package.dsv
[0.164s] -- Up-to-date: /home/aimo/amr_ws/install/my_slam/share/ament_index/resource_index/packages/my_slam
[0.164s] -- Up-to-date: /home/aimo/amr_ws/install/my_slam/share/my_slam/cmake/my_slamConfig.cmake
[0.164s] -- Up-to-date: /home/aimo/amr_ws/install/my_slam/share/my_slam/cmake/my_slamConfig-version.cmake
[0.164s] -- Up-to-date: /home/aimo/amr_ws/install/my_slam/share/my_slam/package.xml
[0.171s] Invoked command in '/home/aimo/amr_ws/build/my_slam' returned '0': CMAKE_PREFIX_PATH=${CMAKE_PREFIX_PATH}:/home/aimo/amr_ws/install/ackermann_control:/home/aimo/livox_ws/install/point_cloud_convertor:/opt/ros/humble /usr/bin/cmake --install /home/aimo/amr_ws/build/my_slam
