[0.008s] Invoking command in '/home/aimo/amr_ws/build/isaac_ros_common': CMAKE_PREFIX_PATH=${CMAKE_PREFIX_PATH}:/opt/ros/humble /usr/bin/cmake /home/aimo/amr_ws/src/isaac_ros_common/isaac_ros_common -DCMAKE_INSTALL_PREFIX=/home/aimo/amr_ws/install/isaac_ros_common
[0.015s] -- Found ament_cmake_auto: 1.3.11 (/opt/ros/humble/share/ament_cmake_auto/cmake)
[0.118s] -- Found rosidl_generator_c: 3.1.6 (/opt/ros/humble/share/rosidl_generator_c/cmake)
[0.119s] -- Found rosidl_adapter: 3.1.6 (/opt/ros/humble/share/rosidl_adapter/cmake)
[0.121s] -- Found rosidl_generator_cpp: 3.1.6 (/opt/ros/humble/share/rosidl_generator_cpp/cmake)
[0.126s] -- Using all available rosidl_typesupport_c: rosidl_typesupport_fastrtps_c;rosidl_typesupport_introspection_c
[0.131s] -- Using all available rosidl_typesupport_cpp: rosidl_typesupport_fastrtps_cpp;rosidl_typesupport_introspection_cpp
[0.144s] -- Found rmw_implementation_cmake: 6.1.2 (/opt/ros/humble/share/rmw_implementation_cmake/cmake)
[0.145s] -- Found rmw_fastrtps_cpp: 6.2.7 (/opt/ros/humble/share/rmw_fastrtps_cpp/cmake)
[0.201s] -- Using RMW implementation 'rmw_fastrtps_cpp' as default
[0.221s] -- Loading isaac_ros_common extras
[0.221s] -- CMAKE_BUILD_TYPE: Release
[0.228s] -- CUDA architectures: 86;80;75;70
[0.232s] [31mCMake Error at CMakeLists.txt:31 (find_package):
[0.232s]   By not providing "Findvpi.cmake" in CMAKE_MODULE_PATH this project has
[0.232s]   asked CMake to find a package configuration file provided by "vpi", but
[0.232s]   CMake did not find one.
[0.232s] 
[0.233s]   Could not find a package configuration file provided by "vpi" with any of
[0.233s]   the following names:
[0.233s] 
[0.233s]     vpiConfig.cmake
[0.233s]     vpi-config.cmake
[0.233s] 
[0.233s]   Add the installation prefix of "vpi" to CMAKE_PREFIX_PATH or set "vpi_DIR"
[0.233s]   to a directory containing one of the above files.  If "vpi" provides a
[0.233s]   separate development package or SDK, be sure it has been installed.
[0.233s] 
[0.233s] [0m
[0.236s] -- Configuring incomplete, errors occurred!
[0.236s] See also "/home/aimo/amr_ws/build/isaac_ros_common/CMakeFiles/CMakeOutput.log".
[0.240s] Invoked command in '/home/aimo/amr_ws/build/isaac_ros_common' returned '1': CMAKE_PREFIX_PATH=${CMAKE_PREFIX_PATH}:/opt/ros/humble /usr/bin/cmake /home/aimo/amr_ws/src/isaac_ros_common/isaac_ros_common -DCMAKE_INSTALL_PREFIX=/home/aimo/amr_ws/install/isaac_ros_common
