[0.354s] Invoking command in '/home/aimo/amr_ws/src/ackermannControllerPackage-ROS2/ackermann_control': PYTHONPATH=/home/aimo/amr_ws/build/ackermann_control/prefix_override:/usr/lib/python3/dist-packages/colcon_core/task/python/colcon_distutils_commands:/home/aimo/amr_ws/install/ackermann_control/lib/python3.10/site-packages:${PYTHONPATH} /usr/bin/python3 -W ignore:setup.py install is deprecated -W ignore:easy_install command is deprecated setup.py egg_info --egg-base ../../../build/ackermann_control build --build-base /home/aimo/amr_ws/build/ackermann_control/build install --record /home/aimo/amr_ws/build/ackermann_control/install.log --single-version-externally-managed install_data
[0.445s] running egg_info
[0.446s] writing ../../../build/ackermann_control/ackermann_control.egg-info/PKG-INFO
[0.446s] writing dependency_links to ../../../build/ackermann_control/ackermann_control.egg-info/dependency_links.txt
[0.446s] writing entry points to ../../../build/ackermann_control/ackermann_control.egg-info/entry_points.txt
[0.446s] writing requirements to ../../../build/ackermann_control/ackermann_control.egg-info/requires.txt
[0.446s] writing top-level names to ../../../build/ackermann_control/ackermann_control.egg-info/top_level.txt
[0.447s] reading manifest file '../../../build/ackermann_control/ackermann_control.egg-info/SOURCES.txt'
[0.450s] writing manifest file '../../../build/ackermann_control/ackermann_control.egg-info/SOURCES.txt'
[0.451s] running build
[0.451s] running build_py
[0.451s] running install
[0.451s] running install_lib
[0.452s] running install_data
[0.452s] running install_egg_info
[0.454s] removing '/home/aimo/amr_ws/install/ackermann_control/lib/python3.10/site-packages/ackermann_control-0.0.0-py3.10.egg-info' (and everything under it)
[0.456s] Copying ../../../build/ackermann_control/ackermann_control.egg-info to /home/aimo/amr_ws/install/ackermann_control/lib/python3.10/site-packages/ackermann_control-0.0.0-py3.10.egg-info
[0.458s] running install_scripts
[0.468s] Installing ackermann_control script to /home/aimo/amr_ws/install/ackermann_control/lib/ackermann_control
[0.468s] writing list of installed files to '/home/aimo/amr_ws/build/ackermann_control/install.log'
[0.481s] Invoked command in '/home/aimo/amr_ws/src/ackermannControllerPackage-ROS2/ackermann_control' returned '0': PYTHONPATH=/home/aimo/amr_ws/build/ackermann_control/prefix_override:/usr/lib/python3/dist-packages/colcon_core/task/python/colcon_distutils_commands:/home/aimo/amr_ws/install/ackermann_control/lib/python3.10/site-packages:${PYTHONPATH} /usr/bin/python3 -W ignore:setup.py install is deprecated -W ignore:easy_install command is deprecated setup.py egg_info --egg-base ../../../build/ackermann_control build --build-base /home/aimo/amr_ws/build/ackermann_control/build install --record /home/aimo/amr_ws/build/ackermann_control/install.log --single-version-externally-managed install_data
