[0.355s] Invoking command in '/home/aimo/amr_ws/src/ackermannControllerPackage-ROS2/ackermann_control': PYTHONPATH=/home/aimo/amr_ws/build/ackermann_control/prefix_override:/usr/lib/python3/dist-packages/colcon_core/task/python/colcon_distutils_commands:/home/aimo/amr_ws/install/ackermann_control/lib/python3.10/site-packages:${PYTHONPATH} /usr/bin/python3 -W ignore:setup.py install is deprecated -W ignore:easy_install command is deprecated setup.py egg_info --egg-base ../../../build/ackermann_control build --build-base /home/aimo/amr_ws/build/ackermann_control/build install --record /home/aimo/amr_ws/build/ackermann_control/install.log --single-version-externally-managed install_data
[0.458s] running egg_info
[0.459s] creating ../../../build/ackermann_control/ackermann_control.egg-info
[0.459s] writing ../../../build/ackermann_control/ackermann_control.egg-info/PKG-INFO
[0.459s] writing dependency_links to ../../../build/ackermann_control/ackermann_control.egg-info/dependency_links.txt
[0.459s] writing entry points to ../../../build/ackermann_control/ackermann_control.egg-info/entry_points.txt
[0.459s] writing requirements to ../../../build/ackermann_control/ackermann_control.egg-info/requires.txt
[0.459s] writing top-level names to ../../../build/ackermann_control/ackermann_control.egg-info/top_level.txt
[0.459s] writing manifest file '../../../build/ackermann_control/ackermann_control.egg-info/SOURCES.txt'
[0.460s] reading manifest file '../../../build/ackermann_control/ackermann_control.egg-info/SOURCES.txt'
[0.460s] writing manifest file '../../../build/ackermann_control/ackermann_control.egg-info/SOURCES.txt'
[0.460s] running build
[0.460s] running build_py
[0.461s] creating /home/aimo/amr_ws/build/ackermann_control/build
[0.461s] creating /home/aimo/amr_ws/build/ackermann_control/build/lib
[0.461s] creating /home/aimo/amr_ws/build/ackermann_control/build/lib/ackermann_control
[0.461s] copying ackermann_control/__init__.py -> /home/aimo/amr_ws/build/ackermann_control/build/lib/ackermann_control
[0.461s] copying ackermann_control/ackermann_control.py -> /home/aimo/amr_ws/build/ackermann_control/build/lib/ackermann_control
[0.461s] running install
[0.461s] running install_lib
[0.461s] creating /home/aimo/amr_ws/install/ackermann_control/lib/python3.10/site-packages/ackermann_control
[0.461s] copying /home/aimo/amr_ws/build/ackermann_control/build/lib/ackermann_control/__init__.py -> /home/aimo/amr_ws/install/ackermann_control/lib/python3.10/site-packages/ackermann_control
[0.461s] copying /home/aimo/amr_ws/build/ackermann_control/build/lib/ackermann_control/ackermann_control.py -> /home/aimo/amr_ws/install/ackermann_control/lib/python3.10/site-packages/ackermann_control
[0.461s] byte-compiling /home/aimo/amr_ws/install/ackermann_control/lib/python3.10/site-packages/ackermann_control/__init__.py to __init__.cpython-310.pyc
[0.461s] byte-compiling /home/aimo/amr_ws/install/ackermann_control/lib/python3.10/site-packages/ackermann_control/ackermann_control.py to ackermann_control.cpython-310.pyc
[0.462s] running install_data
[0.462s] creating /home/aimo/amr_ws/install/ackermann_control/share/ament_index
[0.462s] creating /home/aimo/amr_ws/install/ackermann_control/share/ament_index/resource_index
[0.462s] creating /home/aimo/amr_ws/install/ackermann_control/share/ament_index/resource_index/packages
[0.462s] copying resource/ackermann_control -> /home/aimo/amr_ws/install/ackermann_control/share/ament_index/resource_index/packages
[0.462s] copying package.xml -> /home/aimo/amr_ws/install/ackermann_control/share/ackermann_control
[0.462s] running install_egg_info
[0.463s] Copying ../../../build/ackermann_control/ackermann_control.egg-info to /home/aimo/amr_ws/install/ackermann_control/lib/python3.10/site-packages/ackermann_control-0.0.0-py3.10.egg-info
[0.463s] running install_scripts
[0.473s] Installing ackermann_control script to /home/aimo/amr_ws/install/ackermann_control/lib/ackermann_control
[0.473s] writing list of installed files to '/home/aimo/amr_ws/build/ackermann_control/install.log'
[0.484s] Invoked command in '/home/aimo/amr_ws/src/ackermannControllerPackage-ROS2/ackermann_control' returned '0': PYTHONPATH=/home/aimo/amr_ws/build/ackermann_control/prefix_override:/usr/lib/python3/dist-packages/colcon_core/task/python/colcon_distutils_commands:/home/aimo/amr_ws/install/ackermann_control/lib/python3.10/site-packages:${PYTHONPATH} /usr/bin/python3 -W ignore:setup.py install is deprecated -W ignore:easy_install command is deprecated setup.py egg_info --egg-base ../../../build/ackermann_control build --build-base /home/aimo/amr_ws/build/ackermann_control/build install --record /home/aimo/amr_ws/build/ackermann_control/install.log --single-version-externally-managed install_data
