-- Install configuration: ""
-- Up-to-date: /home/aimo/amr_ws/install/cmdvel_to_ackermann/share/cmdvel_to_ackermann/scripts
-- Up-to-date: /home/aimo/amr_ws/install/cmdvel_to_ackermann/share/cmdvel_to_ackermann/scripts/cmdvel_to_ackermann.py
-- Up-to-date: /home/aimo/amr_ws/install/cmdvel_to_ackermann/share/cmdvel_to_ackermann/scripts/__init__.py
-- Up-to-date: /home/aimo/amr_ws/install/cmdvel_to_ackermann/share/cmdvel_to_ackermann/launch
-- Up-to-date: /home/aimo/amr_ws/install/cmdvel_to_ackermann/share/cmdvel_to_ackermann/launch/cmdvel_to_ackermann.launch.py
-- Up-to-date: /home/aimo/amr_ws/install/cmdvel_to_ackermann/lib/cmdvel_to_ackermann/cmdvel_to_ackermann.py
-- Up-to-date: /home/aimo/amr_ws/install/cmdvel_to_ackermann/share/ament_index/resource_index/package_run_dependencies/cmdvel_to_ackermann
-- Up-to-date: /home/aimo/amr_ws/install/cmdvel_to_ackermann/share/ament_index/resource_index/parent_prefix_path/cmdvel_to_ackermann
-- Up-to-date: /home/aimo/amr_ws/install/cmdvel_to_ackermann/share/cmdvel_to_ackermann/environment/ament_prefix_path.sh
-- Up-to-date: /home/aimo/amr_ws/install/cmdvel_to_ackermann/share/cmdvel_to_ackermann/environment/ament_prefix_path.dsv
-- Up-to-date: /home/aimo/amr_ws/install/cmdvel_to_ackermann/share/cmdvel_to_ackermann/environment/path.sh
-- Up-to-date: /home/aimo/amr_ws/install/cmdvel_to_ackermann/share/cmdvel_to_ackermann/environment/path.dsv
-- Up-to-date: /home/aimo/amr_ws/install/cmdvel_to_ackermann/share/cmdvel_to_ackermann/local_setup.bash
-- Up-to-date: /home/aimo/amr_ws/install/cmdvel_to_ackermann/share/cmdvel_to_ackermann/local_setup.sh
-- Up-to-date: /home/aimo/amr_ws/install/cmdvel_to_ackermann/share/cmdvel_to_ackermann/local_setup.zsh
-- Up-to-date: /home/aimo/amr_ws/install/cmdvel_to_ackermann/share/cmdvel_to_ackermann/local_setup.dsv
-- Installing: /home/aimo/amr_ws/install/cmdvel_to_ackermann/share/cmdvel_to_ackermann/package.dsv
-- Up-to-date: /home/aimo/amr_ws/install/cmdvel_to_ackermann/share/ament_index/resource_index/packages/cmdvel_to_ackermann
-- Up-to-date: /home/aimo/amr_ws/install/cmdvel_to_ackermann/share/cmdvel_to_ackermann/cmake/cmdvel_to_ackermannConfig.cmake
-- Up-to-date: /home/aimo/amr_ws/install/cmdvel_to_ackermann/share/cmdvel_to_ackermann/cmake/cmdvel_to_ackermannConfig-version.cmake
-- Up-to-date: /home/aimo/amr_ws/install/cmdvel_to_ackermann/share/cmdvel_to_ackermann/package.xml
