-- Install configuration: ""
-- Up-to-date: /home/aimo/amr_ws/install/my_slam/share/my_slam/behavior_tree
-- Up-to-date: /home/aimo/amr_ws/install/my_slam/share/my_slam/behavior_tree/navigate_to_pose_w_replanning_and_recovery.xml
-- Up-to-date: /home/aimo/amr_ws/install/my_slam/share/my_slam/behavior_tree/navigate_w_replanning_time.xml
-- Up-to-date: /home/aimo/amr_ws/install/my_slam/share/my_slam/behavior_tree/follow_point.xml
-- Up-to-date: /home/aimo/amr_ws/install/my_slam/share/my_slam/behavior_tree/navigate_through_poses_w_replanning_and_recovery.xml
-- Up-to-date: /home/aimo/amr_ws/install/my_slam/share/my_slam/behavior_tree/nav_to_pose_with_consistent_replanning_and_if_path_becomes_invalid.xml
-- Up-to-date: /home/aimo/amr_ws/install/my_slam/share/my_slam/behavior_tree/navigate_w_replanning_distance.xml
-- Up-to-date: /home/aimo/amr_ws/install/my_slam/share/my_slam/behavior_tree/navigate_to_pose_w_replanning_goal_patience_and_recovery.xml
-- Up-to-date: /home/aimo/amr_ws/install/my_slam/share/my_slam/behavior_tree/navigate_w_replanning_only_if_path_becomes_invalid.xml
-- Up-to-date: /home/aimo/amr_ws/install/my_slam/share/my_slam/behavior_tree/navigate_w_replanning_speed.xml
-- Up-to-date: /home/aimo/amr_ws/install/my_slam/share/my_slam/behavior_tree/bt_custom.xml
-- Up-to-date: /home/aimo/amr_ws/install/my_slam/share/my_slam/behavior_tree/navigate_w_replanning_only_if_goal_is_updated.xml
-- Up-to-date: /home/aimo/amr_ws/install/my_slam/share/my_slam/behavior_tree/navigate_w_recovery_and_replanning_only_if_path_becomes_invalid.xml
-- Up-to-date: /home/aimo/amr_ws/install/my_slam/share/my_slam/behavior_tree/bt_to_pose.xml
-- Up-to-date: /home/aimo/amr_ws/install/my_slam/share/my_slam/behavior_tree/bt_through_poses.xml
-- Up-to-date: /home/aimo/amr_ws/install/my_slam/share/my_slam/behavior_tree/odometry_calibration.xml
-- Up-to-date: /home/aimo/amr_ws/install/my_slam/share/my_slam/launch
-- Up-to-date: /home/aimo/amr_ws/install/my_slam/share/my_slam/launch/cmdvel_to_ackermann.launch.py
-- Up-to-date: /home/aimo/amr_ws/install/my_slam/share/my_slam/launch/my_amr_navigation.launch.py
-- Up-to-date: /home/aimo/amr_ws/install/my_slam/share/my_slam/launch/slam_mapping.launch.py
-- Up-to-date: /home/aimo/amr_ws/install/my_slam/share/my_slam/launch/new_map.launch.py
-- Up-to-date: /home/aimo/amr_ws/install/my_slam/share/my_slam/params
-- Up-to-date: /home/aimo/amr_ws/install/my_slam/share/my_slam/params/load_map.yaml
-- Up-to-date: /home/aimo/amr_ws/install/my_slam/share/my_slam/params/my_amr_param.yaml
-- Up-to-date: /home/aimo/amr_ws/install/my_slam/share/my_slam/params/carter_navigation_params.yaml
-- Up-to-date: /home/aimo/amr_ws/install/my_slam/share/my_slam/maps
-- Up-to-date: /home/aimo/amr_ws/install/my_slam/share/my_slam/maps/carter_office_navigation.png
-- Up-to-date: /home/aimo/amr_ws/install/my_slam/share/my_slam/maps/carter_warehouse_navigation.yaml
-- Up-to-date: /home/aimo/amr_ws/install/my_slam/share/my_slam/maps/carter_hospital_navigation.png
-- Up-to-date: /home/aimo/amr_ws/install/my_slam/share/my_slam/maps/carter_office_navigation.yaml
-- Up-to-date: /home/aimo/amr_ws/install/my_slam/share/my_slam/maps/carter_hospital_navigation.yaml
-- Up-to-date: /home/aimo/amr_ws/install/my_slam/share/my_slam/maps/carter_warehouse_navigation.png
-- Up-to-date: /home/aimo/amr_ws/install/my_slam/share/my_slam/rviz2
-- Up-to-date: /home/aimo/amr_ws/install/my_slam/share/my_slam/rviz2/carter_navigation.rviz
-- Up-to-date: /home/aimo/amr_ws/install/my_slam/share/my_slam/rviz2/carter_navigation_namespaced.rviz
-- Up-to-date: /home/aimo/amr_ws/install/my_slam/share/my_slam/rviz2/my_navigation.rviz
-- Up-to-date: /home/aimo/amr_ws/install/my_slam/share/my_slam/rviz2/mapping.rviz
-- Up-to-date: /home/aimo/amr_ws/install/my_slam/share/my_slam/config
-- Up-to-date: /home/aimo/amr_ws/install/my_slam/share/my_slam/config/mapper_params_online_async.yaml
-- Up-to-date: /home/aimo/amr_ws/install/my_slam/share/my_slam/config/amcl.yaml
-- Up-to-date: /home/aimo/amr_ws/install/my_slam/share/my_slam/config/mapper_params_online_async_carter.yaml
-- Installing: /home/aimo/amr_ws/install/my_slam/share/my_slam/config/new_map_config.yaml
-- Up-to-date: /home/aimo/amr_ws/install/my_slam/share/my_slam/samples
-- Up-to-date: /home/aimo/amr_ws/install/my_slam/share/my_slam/samples/carter_navigation.launch.py
-- Up-to-date: /home/aimo/amr_ws/install/my_slam/share/my_slam/samples/point_cloud_to_scan.launch.py
-- Up-to-date: /home/aimo/amr_ws/install/my_slam/share/my_slam/samples/bringup_launch.py
-- Up-to-date: /home/aimo/amr_ws/install/my_slam/share/my_slam/samples/nav2.launch.py
-- Up-to-date: /home/aimo/amr_ws/install/my_slam/share/my_slam/usd
-- Up-to-date: /home/aimo/amr_ws/install/my_slam/share/my_slam/usd/amr_map.usd
-- Up-to-date: /home/aimo/amr_ws/install/my_slam/share/my_slam/usd/office.usd
-- Up-to-date: /home/aimo/amr_ws/install/my_slam/share/my_slam/usd/nova_carter.usd
-- Up-to-date: /home/aimo/amr_ws/install/my_slam/share/my_slam/usd/hospital.usd
-- Up-to-date: /home/aimo/amr_ws/install/my_slam/share/my_slam/usd/.thumbs
-- Up-to-date: /home/aimo/amr_ws/install/my_slam/share/my_slam/usd/.thumbs/256x256
-- Up-to-date: /home/aimo/amr_ws/install/my_slam/share/my_slam/usd/.thumbs/256x256/office.usd.png
-- Up-to-date: /home/aimo/amr_ws/install/my_slam/share/my_slam/usd/.thumbs/256x256/hospital.usd.png
-- Installing: /home/aimo/amr_ws/install/my_slam/share/my_slam/usd/omni_map.usd
-- Up-to-date: /home/aimo/amr_ws/install/my_slam/share/my_slam/usd/ackman_new.usd
-- Installing: /home/aimo/amr_ws/install/my_slam/share/my_slam/usd/omni directional.usd
-- Up-to-date: /home/aimo/amr_ws/install/my_slam/share/my_slam/usd/ackermann_vely.usd
-- Up-to-date: /home/aimo/amr_ws/install/my_slam/share/ament_index/resource_index/package_run_dependencies/my_slam
-- Up-to-date: /home/aimo/amr_ws/install/my_slam/share/ament_index/resource_index/parent_prefix_path/my_slam
-- Up-to-date: /home/aimo/amr_ws/install/my_slam/share/my_slam/environment/ament_prefix_path.sh
-- Up-to-date: /home/aimo/amr_ws/install/my_slam/share/my_slam/environment/ament_prefix_path.dsv
-- Up-to-date: /home/aimo/amr_ws/install/my_slam/share/my_slam/environment/path.sh
-- Up-to-date: /home/aimo/amr_ws/install/my_slam/share/my_slam/environment/path.dsv
-- Up-to-date: /home/aimo/amr_ws/install/my_slam/share/my_slam/local_setup.bash
-- Up-to-date: /home/aimo/amr_ws/install/my_slam/share/my_slam/local_setup.sh
-- Up-to-date: /home/aimo/amr_ws/install/my_slam/share/my_slam/local_setup.zsh
-- Up-to-date: /home/aimo/amr_ws/install/my_slam/share/my_slam/local_setup.dsv
-- Installing: /home/aimo/amr_ws/install/my_slam/share/my_slam/package.dsv
-- Up-to-date: /home/aimo/amr_ws/install/my_slam/share/ament_index/resource_index/packages/my_slam
-- Up-to-date: /home/aimo/amr_ws/install/my_slam/share/my_slam/cmake/my_slamConfig.cmake
-- Up-to-date: /home/aimo/amr_ws/install/my_slam/share/my_slam/cmake/my_slamConfig-version.cmake
-- Up-to-date: /home/aimo/amr_ws/install/my_slam/share/my_slam/package.xml
